TN:
SF:src/components/AdCard.tsx
FN:32,AdCard
FN:37,(anonymous_1)
FN:48,(anonymous_2)
FN:63,(anonymous_3)
FN:71,(anonymous_4)
FNF:5
FNH:0
FNDA:0,AdCard
FNDA:0,(anonymous_1)
FNDA:0,(anonymous_2)
FNDA:0,(anonymous_3)
FNDA:0,(anonymous_4)
DA:32,0
DA:33,0
DA:34,0
DA:35,0
DA:37,0
DA:38,0
DA:39,0
DA:48,0
DA:50,0
DA:51,0
DA:59,0
DA:60,0
DA:61,0
DA:62,0
DA:63,0
DA:70,0
DA:71,0
DA:72,0
DA:73,0
DA:74,0
DA:78,0
DA:137,0
LF:22
LH:0
BRDA:59,0,0,0
BRDA:59,0,1,0
BRDA:62,1,0,0
BRDA:62,1,1,0
BRDA:62,2,0,0
BRDA:62,2,1,0
BRDA:72,3,0,0
BRDA:72,3,1,0
BRDA:95,4,0,0
BRDA:95,4,1,0
BRDA:110,5,0,0
BRDA:110,5,1,0
BRDA:117,6,0,0
BRDA:117,6,1,0
BRDA:124,7,0,0
BRDA:124,7,1,0
BRDA:124,7,2,0
BRF:17
BRH:0
end_of_record
TN:
SF:src/components/AlertBanner.tsx
FN:13,AlertBanner
FN:17,(anonymous_1)
FN:20,(anonymous_2)
FN:21,(anonymous_3)
FN:24,(anonymous_4)
FN:26,(anonymous_5)
FN:29,(anonymous_6)
FN:36,(anonymous_7)
FN:47,(anonymous_8)
FN:51,(anonymous_9)
FN:54,(anonymous_10)
FN:72,(anonymous_11)
FN:72,(anonymous_12)
FN:80,(anonymous_13)
FNF:14
FNH:0
FNDA:0,AlertBanner
FNDA:0,(anonymous_1)
FNDA:0,(anonymous_2)
FNDA:0,(anonymous_3)
FNDA:0,(anonymous_4)
FNDA:0,(anonymous_5)
FNDA:0,(anonymous_6)
FNDA:0,(anonymous_7)
FNDA:0,(anonymous_8)
FNDA:0,(anonymous_9)
FNDA:0,(anonymous_10)
FNDA:0,(anonymous_11)
FNDA:0,(anonymous_12)
FNDA:0,(anonymous_13)
DA:11,0
DA:14,0
DA:15,0
DA:16,0
DA:17,0
DA:18,0
DA:20,0
DA:21,0
DA:24,0
DA:25,0
DA:26,0
DA:29,0
DA:30,0
DA:31,0
DA:32,0
DA:34,0
DA:37,0
DA:38,0
DA:39,0
DA:40,0
DA:41,0
DA:42,0
DA:44,0
DA:48,0
DA:49,0
DA:50,0
DA:51,0
DA:54,0
DA:72,0
DA:80,0
DA:102,0
LF:31
LH:0
BRDA:32,0,0,0
BRDA:32,0,1,0
BRDA:38,1,0,0
BRDA:38,1,1,0
BRDA:41,2,0,0
BRDA:41,2,1,0
BRDA:48,3,0,0
BRDA:48,3,1,0
BRDA:48,4,0,0
BRDA:48,4,1,0
BRDA:51,5,0,0
BRDA:51,5,1,0
BRDA:51,6,0,0
BRDA:51,6,1,0
BRDA:54,7,0,0
BRDA:54,7,1,0
BRDA:61,8,0,0
BRDA:61,8,1,0
BRDA:67,9,0,0
BRDA:67,9,1,0
BRDA:71,10,0,0
BRDA:71,10,1,0
BRDA:72,11,0,0
BRDA:72,11,1,0
BRDA:73,12,0,0
BRDA:73,12,1,0
BRDA:85,13,0,0
BRDA:85,13,1,0
BRDA:85,13,2,0
BRDA:93,14,0,0
BRDA:93,14,1,0
BRF:31
BRH:0
end_of_record
TN:
SF:src/components/Avatar.tsx
FN:16,Avatar
FN:23,(anonymous_1)
FN:36,(anonymous_2)
FNF:3
FNH:2
FNDA:12,Avatar
FNDA:11,(anonymous_1)
FNDA:0,(anonymous_2)
DA:16,1
DA:17,12
DA:18,12
DA:19,12
DA:20,12
DA:21,12
DA:23,12
DA:29,12
DA:30,3
DA:36,0
DA:42,9
DA:49,1
LF:12
LH:11
BRDA:16,0,0,10
BRDA:19,1,0,12
BRDA:19,1,1,3
BRDA:20,2,0,1
BRDA:20,2,1,11
BRDA:20,3,0,0
BRDA:20,3,1,11
BRDA:20,4,0,10
BRDA:20,4,1,1
BRDA:20,5,0,0
BRDA:20,5,1,1
BRDA:21,6,0,1
BRDA:21,6,1,11
BRDA:21,7,0,0
BRDA:21,7,1,11
BRDA:21,8,0,10
BRDA:21,8,1,1
BRDA:21,9,0,0
BRDA:21,9,1,1
BRDA:25,10,0,0
BRDA:25,10,1,11
BRDA:25,11,0,0
BRDA:25,11,1,0
BRDA:29,12,0,3
BRDA:29,12,1,9
BRDA:29,13,0,12
BRDA:29,13,1,3
BRDA:37,14,0,3
BRDA:37,14,1,0
BRF:29
BRH:21
end_of_record
TN:
SF:src/components/DateRangePicker.tsx
FN:24,toDateStr
FN:28,parseDateStr
FN:33,DateRangePicker
FN:43,(anonymous_3)
FN:50,(anonymous_4)
FN:54,(anonymous_5)
FN:62,(anonymous_6)
FN:64,(anonymous_7)
FN:81,(anonymous_8)
FN:82,(anonymous_9)
FN:84,(anonymous_10)
FN:91,(anonymous_11)
FN:92,(anonymous_12)
FN:94,(anonymous_13)
FN:101,(anonymous_14)
FN:142,(anonymous_15)
FN:151,(anonymous_16)
FN:157,(anonymous_17)
FN:164,(anonymous_18)
FN:173,(anonymous_19)
FN:223,(anonymous_20)
FN:225,(anonymous_21)
FNF:22
FNH:0
FNDA:0,toDateStr
FNDA:0,parseDateStr
FNDA:0,DateRangePicker
FNDA:0,(anonymous_3)
FNDA:0,(anonymous_4)
FNDA:0,(anonymous_5)
FNDA:0,(anonymous_6)
FNDA:0,(anonymous_7)
FNDA:0,(anonymous_8)
FNDA:0,(anonymous_9)
FNDA:0,(anonymous_10)
FNDA:0,(anonymous_11)
FNDA:0,(anonymous_12)
FNDA:0,(anonymous_13)
FNDA:0,(anonymous_14)
FNDA:0,(anonymous_15)
FNDA:0,(anonymous_16)
FNDA:0,(anonymous_17)
FNDA:0,(anonymous_18)
FNDA:0,(anonymous_19)
FNDA:0,(anonymous_20)
FNDA:0,(anonymous_21)
DA:16,0
DA:17,0
DA:18,0
DA:20,0
DA:21,0
DA:22,0
DA:25,0
DA:29,0
DA:30,0
DA:40,0
DA:41,0
DA:43,0
DA:44,0
DA:45,0
DA:48,0
DA:50,0
DA:51,0
DA:52,0
DA:54,0
DA:55,0
DA:56,0
DA:59,0
DA:60,0
DA:62,0
DA:64,0
DA:65,0
DA:67,0
DA:68,0
DA:70,0
DA:72,0
DA:73,0
DA:74,0
DA:76,0
DA:78,0
DA:81,0
DA:82,0
DA:83,0
DA:84,0
DA:85,0
DA:87,0
DA:91,0
DA:92,0
DA:93,0
DA:94,0
DA:95,0
DA:97,0
DA:101,0
DA:102,0
DA:104,0
DA:105,0
DA:107,0
DA:109,0
DA:112,0
DA:114,0
DA:115,0
DA:117,0
DA:120,0
DA:121,0
DA:122,0
DA:123,0
DA:124,0
DA:125,0
DA:126,0
DA:127,0
DA:128,0
DA:130,0
DA:132,0
DA:134,0
DA:136,0
DA:142,0
DA:143,0
DA:144,0
DA:147,0
DA:151,0
DA:157,0
DA:165,0
DA:174,0
DA:175,0
DA:178,0
DA:179,0
DA:180,0
DA:181,0
DA:182,0
DA:184,0
DA:188,0
DA:189,0
DA:191,0
DA:192,0
DA:194,0
DA:195,0
DA:196,0
DA:197,0
DA:198,0
DA:199,0
DA:200,0
DA:201,0
DA:202,0
DA:203,0
DA:207,0
DA:208,0
DA:209,0
DA:210,0
DA:211,0
DA:212,0
DA:213,0
DA:214,0
DA:218,0
DA:220,0
DA:223,0
DA:225,0
DA:262,0
DA:264,0
LF:112
LH:0
BRDA:37,0,0,0
BRDA:48,1,0,0
BRDA:48,1,1,0
BRDA:51,2,0,0
BRDA:51,2,1,0
BRDA:55,3,0,0
BRDA:55,3,1,0
BRDA:59,4,0,0
BRDA:59,4,1,0
BRDA:59,5,0,0
BRDA:59,5,1,0
BRDA:60,6,0,0
BRDA:60,6,1,0
BRDA:60,7,0,0
BRDA:60,7,1,0
BRDA:68,8,0,0
BRDA:68,8,1,0
BRDA:83,9,0,0
BRDA:83,9,1,0
BRDA:93,10,0,0
BRDA:93,10,1,0
BRDA:104,11,0,0
BRDA:104,11,1,0
BRDA:105,12,0,0
BRDA:105,12,1,0
BRDA:107,13,0,0
BRDA:107,13,1,0
BRDA:107,14,0,0
BRDA:107,14,1,0
BRDA:107,14,2,0
BRDA:112,15,0,0
BRDA:112,15,1,0
BRDA:115,16,0,0
BRDA:115,16,1,0
BRDA:126,17,0,0
BRDA:126,17,1,0
BRDA:132,18,0,0
BRDA:132,18,1,0
BRDA:144,19,0,0
BRDA:144,19,1,0
BRDA:144,19,2,0
BRDA:151,20,0,0
BRDA:151,20,1,0
BRDA:151,21,0,0
BRDA:151,21,1,0
BRDA:157,22,0,0
BRDA:157,22,1,0
BRDA:174,23,0,0
BRDA:174,23,1,0
BRDA:184,24,0,0
BRDA:184,24,1,0
BRDA:184,24,2,0
BRDA:184,24,3,0
BRDA:188,25,0,0
BRDA:188,25,1,0
BRDA:194,26,0,0
BRDA:194,26,1,0
BRDA:196,27,0,0
BRDA:196,27,1,0
BRDA:198,28,0,0
BRDA:198,28,1,0
BRDA:201,29,0,0
BRDA:201,29,1,0
BRDA:202,30,0,0
BRDA:202,30,1,0
BRDA:209,31,0,0
BRDA:209,31,1,0
BRDA:209,32,0,0
BRDA:209,32,1,0
BRDA:210,33,0,0
BRDA:210,33,1,0
BRDA:210,34,0,0
BRDA:210,34,1,0
BRDA:211,35,0,0
BRDA:211,35,1,0
BRDA:211,36,0,0
BRDA:211,36,1,0
BRDA:212,37,0,0
BRDA:212,37,1,0
BRDA:218,38,0,0
BRDA:218,38,1,0
BRDA:224,39,0,0
BRDA:224,39,1,0
BRDA:225,40,0,0
BRDA:225,40,1,0
BRDA:225,41,0,0
BRDA:225,41,1,0
BRDA:225,42,0,0
BRDA:225,42,1,0
BRDA:228,43,0,0
BRDA:228,43,1,0
BRDA:231,44,0,0
BRDA:231,44,1,0
BRDA:238,45,0,0
BRDA:238,45,1,0
BRDA:239,46,0,0
BRDA:239,46,1,0
BRDA:246,47,0,0
BRDA:246,47,1,0
BRDA:247,48,0,0
BRDA:247,48,1,0
BRDA:247,48,2,0
BRDA:253,49,0,0
BRDA:253,49,1,0
BRF:104
BRH:0
end_of_record
TN:
SF:src/components/EmptyState.tsx
FN:18,EmptyState
FNF:1
FNH:1
FNDA:14,EmptyState
DA:27,14
DA:28,14
DA:30,14
DA:63,1
LF:4
LH:4
BRDA:25,0,0,13
BRDA:36,1,0,14
BRDA:36,1,1,1
BRDA:39,2,0,14
BRDA:39,2,1,7
BRDA:39,2,2,6
BRDA:44,3,0,1
BRDA:44,3,1,5
BRDA:53,4,0,1
BRDA:53,4,1,5
BRF:10
BRH:10
end_of_record
TN:
SF:src/components/ErrorBoundary.tsx
FN:24,ErrorFallbackUI
FN:48,(anonymous_1)
FN:73,(anonymous_2)
FN:78,(anonymous_3)
FN:82,(anonymous_4)
FN:88,(anonymous_5)
FN:92,(anonymous_6)
FNF:7
FNH:0
FNDA:0,ErrorFallbackUI
FNDA:0,(anonymous_1)
FNDA:0,(anonymous_2)
FNDA:0,(anonymous_3)
FNDA:0,(anonymous_4)
FNDA:0,(anonymous_5)
FNDA:0,(anonymous_6)
DA:25,0
DA:27,0
DA:48,0
DA:74,0
DA:75,0
DA:79,0
DA:83,0
DA:84,0
DA:85,0
DA:88,0
DA:89,0
DA:93,0
DA:94,0
DA:95,0
DA:98,0
DA:102,0
LF:16
LH:0
BRDA:39,0,0,0
BRDA:39,0,1,0
BRDA:39,0,2,0
BRDA:51,1,0,0
BRDA:51,1,1,0
BRDA:83,2,0,0
BRDA:83,2,1,0
BRDA:93,3,0,0
BRDA:93,3,1,0
BRDA:94,4,0,0
BRDA:94,4,1,0
BRF:11
BRH:0
end_of_record
TN:
SF:src/components/EventCard.tsx
FN:19,EventCard
FN:27,(anonymous_1)
FN:40,(anonymous_2)
FN:51,(anonymous_3)
FN:63,(anonymous_4)
FN:64,(anonymous_5)
FN:134,(anonymous_6)
FNF:7
FNH:0
FNDA:0,EventCard
FNDA:0,(anonymous_1)
FNDA:0,(anonymous_2)
FNDA:0,(anonymous_3)
FNDA:0,(anonymous_4)
FNDA:0,(anonymous_5)
FNDA:0,(anonymous_6)
DA:19,0
DA:20,0
DA:21,0
DA:22,0
DA:23,0
DA:24,0
DA:25,0
DA:27,0
DA:28,0
DA:29,0
DA:30,0
DA:31,0
DA:32,0
DA:40,0
DA:41,0
DA:42,0
DA:45,0
DA:46,0
DA:50,0
DA:51,0
DA:52,0
DA:53,0
DA:54,0
DA:55,0
DA:56,0
DA:57,0
DA:58,0
DA:61,0
DA:63,0
DA:64,0
DA:134,0
DA:176,0
LF:32
LH:0
BRDA:23,0,0,0
BRDA:23,0,1,0
BRDA:25,1,0,0
BRDA:25,1,1,0
BRDA:28,2,0,0
BRDA:28,2,1,0
BRDA:30,3,0,0
BRDA:30,3,1,0
BRDA:31,4,0,0
BRDA:31,4,1,0
BRDA:31,5,0,0
BRDA:31,5,1,0
BRDA:41,6,0,0
BRDA:41,6,1,0
BRDA:45,7,0,0
BRDA:45,7,1,0
BRDA:46,8,0,0
BRDA:46,8,1,0
BRDA:53,9,0,0
BRDA:53,9,1,0
BRDA:56,10,0,0
BRDA:56,10,1,0
BRDA:57,11,0,0
BRDA:57,11,1,0
BRDA:67,12,0,0
BRDA:67,12,1,0
BRDA:74,13,0,0
BRDA:74,13,1,0
BRDA:75,14,0,0
BRDA:75,14,1,0
BRDA:96,15,0,0
BRDA:96,15,1,0
BRDA:111,16,0,0
BRDA:111,16,1,0
BRDA:121,17,0,0
BRDA:121,17,1,0
BRDA:132,18,0,0
BRDA:132,18,1,0
BRDA:132,19,0,0
BRDA:132,19,1,0
BRDA:149,20,0,0
BRDA:149,20,1,0
BRDA:149,21,0,0
BRDA:149,21,1,0
BRDA:157,22,0,0
BRDA:157,22,1,0
BRDA:157,23,0,0
BRDA:157,23,1,0
BRDA:165,24,0,0
BRDA:165,24,1,0
BRDA:165,24,2,0
BRF:51
BRH:0
end_of_record
TN:
SF:src/components/FeedMapView.tsx
FN:56,FeedMapView
FN:66,(anonymous_1)
FN:74,(anonymous_2)
FN:76,(anonymous_3)
FN:80,(anonymous_4)
FN:81,(anonymous_5)
FN:88,(anonymous_6)
FN:99,(anonymous_7)
FN:104,(anonymous_8)
FN:109,(anonymous_9)
FN:125,(anonymous_10)
FN:134,(anonymous_11)
FN:138,(anonymous_12)
FN:150,(anonymous_13)
FN:156,(anonymous_14)
FN:203,(anonymous_15)
FNF:16
FNH:0
FNDA:0,FeedMapView
FNDA:0,(anonymous_1)
FNDA:0,(anonymous_2)
FNDA:0,(anonymous_3)
FNDA:0,(anonymous_4)
FNDA:0,(anonymous_5)
FNDA:0,(anonymous_6)
FNDA:0,(anonymous_7)
FNDA:0,(anonymous_8)
FNDA:0,(anonymous_9)
FNDA:0,(anonymous_10)
FNDA:0,(anonymous_11)
FNDA:0,(anonymous_12)
FNDA:0,(anonymous_13)
FNDA:0,(anonymous_14)
FNDA:0,(anonymous_15)
DA:35,0
DA:38,0
DA:41,0
DA:57,0
DA:58,0
DA:59,0
DA:60,0
DA:61,0
DA:62,0
DA:63,0
DA:66,0
DA:67,0
DA:75,0
DA:80,0
DA:81,0
DA:82,0
DA:83,0
DA:84,0
DA:88,0
DA:89,0
DA:90,0
DA:92,0
DA:93,0
DA:94,0
DA:96,0
DA:99,0
DA:100,0
DA:101,0
DA:104,0
DA:105,0
DA:106,0
DA:109,0
DA:110,0
DA:111,0
DA:115,0
DA:125,0
DA:135,0
DA:138,0
DA:151,0
DA:156,0
DA:203,0
DA:223,0
LF:42
LH:0
BRDA:75,0,0,0
BRDA:75,0,1,0
BRDA:84,1,0,0
BRDA:84,1,1,0
BRDA:84,1,2,0
BRDA:84,1,3,0
BRDA:84,1,4,0
BRDA:84,1,5,0
BRDA:89,2,0,0
BRDA:89,2,1,0
BRDA:92,3,0,0
BRDA:92,3,1,0
BRDA:110,4,0,0
BRDA:110,4,1,0
BRDA:124,5,0,0
BRDA:124,5,1,0
BRDA:142,6,0,0
BRDA:142,6,1,0
BRDA:143,7,0,0
BRDA:143,7,1,0
BRDA:160,8,0,0
BRDA:160,8,1,0
BRDA:164,9,0,0
BRDA:164,9,1,0
BRDA:175,10,0,0
BRDA:175,10,1,0
BRDA:178,11,0,0
BRDA:178,11,1,0
BRDA:188,12,0,0
BRDA:188,12,1,0
BRDA:190,13,0,0
BRDA:190,13,1,0
BRDA:197,14,0,0
BRDA:197,14,1,0
BRDA:197,15,0,0
BRDA:197,15,1,0
BRDA:198,16,0,0
BRDA:198,16,1,0
BRDA:198,17,0,0
BRDA:198,17,1,0
BRF:40
BRH:0
end_of_record
TN:
SF:src/components/FeedMapView.web.tsx
FN:6,FeedMapView
FNF:1
FNH:0
FNDA:0,FeedMapView
DA:7,0
DA:8,0
DA:18,0
LF:3
LH:0
BRF:0
BRH:0
end_of_record
TN:
SF:src/components/FilterBar.tsx
FN:24,FilterChip
FN:30,(anonymous_1)
FN:66,FilterBar
FN:75,(anonymous_3)
FN:77,(anonymous_4)
FN:80,(anonymous_5)
FN:87,(anonymous_6)
FNF:7
FNH:7
FNDA:54,FilterChip
FNDA:54,(anonymous_1)
FNDA:9,FilterBar
FNDA:1,(anonymous_3)
FNDA:45,(anonymous_4)
FNDA:45,(anonymous_5)
FNDA:2,(anonymous_6)
DA:24,1
DA:25,54
DA:26,54
DA:27,54
DA:28,54
DA:30,54
DA:31,54
DA:32,0
DA:33,0
DA:39,54
DA:66,1
DA:67,9
DA:69,9
DA:75,1
DA:78,45
DA:79,45
DA:81,45
DA:82,45
DA:87,2
DA:95,1
LF:20
LH:18
BRDA:31,0,0,54
BRDA:31,0,1,0
BRDA:32,1,0,0
BRDA:32,1,1,0
BRDA:49,2,0,9
BRDA:49,2,1,45
BRDA:56,3,0,9
BRDA:56,3,1,45
BRDA:57,4,0,54
BRDA:57,4,1,9
BRDA:78,5,0,0
BRDA:78,5,1,45
BRDA:78,6,0,45
BRDA:78,6,1,9
BRDA:87,7,0,1
BRDA:87,7,1,1
BRF:16
BRH:12
end_of_record
TN:
SF:src/components/GoogleLogo.tsx
FN:3,GoogleLogo
FNF:1
FNH:0
FNDA:0,GoogleLogo
DA:4,0
LF:1
LH:0
BRDA:3,0,0,0
BRF:1
BRH:0
end_of_record
TN:
SF:src/components/ImageGallery.tsx
FN:40,ZoomableImage
FN:49,(anonymous_1)
FN:52,(anonymous_2)
FN:70,(anonymous_3)
FN:74,(anonymous_4)
FN:81,(anonymous_5)
FN:97,(anonymous_6)
FN:127,ImageGallery
FN:135,(anonymous_8)
FN:136,(anonymous_9)
FN:139,(anonymous_10)
FN:146,(anonymous_11)
FN:152,(anonymous_12)
FN:177,(anonymous_13)
FN:209,(anonymous_14)
FNF:15
FNH:0
FNDA:0,ZoomableImage
FNDA:0,(anonymous_1)
FNDA:0,(anonymous_2)
FNDA:0,(anonymous_3)
FNDA:0,(anonymous_4)
FNDA:0,(anonymous_5)
FNDA:0,(anonymous_6)
FNDA:0,ImageGallery
FNDA:0,(anonymous_8)
FNDA:0,(anonymous_9)
FNDA:0,(anonymous_10)
FNDA:0,(anonymous_11)
FNDA:0,(anonymous_12)
FNDA:0,(anonymous_13)
FNDA:0,(anonymous_14)
DA:31,0
DA:41,0
DA:42,0
DA:43,0
DA:44,0
DA:45,0
DA:46,0
DA:48,0
DA:50,0
DA:53,0
DA:54,0
DA:55,0
DA:56,0
DA:57,0
DA:58,0
DA:59,0
DA:60,0
DA:61,0
DA:62,0
DA:64,0
DA:68,0
DA:71,0
DA:72,0
DA:75,0
DA:76,0
DA:79,0
DA:82,0
DA:83,0
DA:84,0
DA:85,0
DA:86,0
DA:87,0
DA:88,0
DA:90,0
DA:91,0
DA:95,0
DA:97,0
DA:105,0
DA:119,0
DA:128,0
DA:129,0
DA:130,0
DA:131,0
DA:132,0
DA:133,0
DA:135,0
DA:136,0
DA:139,0
DA:140,0
DA:141,0
DA:142,0
DA:146,0
DA:152,0
DA:153,0
DA:164,0
DA:177,0
DA:210,0
DA:232,0
LF:58
LH:0
BRDA:53,0,0,0
BRDA:53,0,1,0
BRDA:60,1,0,0
BRDA:60,1,1,0
BRDA:82,2,0,0
BRDA:82,2,1,0
BRDA:127,3,0,0
BRDA:141,4,0,0
BRDA:141,4,1,0
BRDA:141,5,0,0
BRDA:141,5,1,0
BRDA:157,6,0,0
BRDA:157,6,1,0
BRDA:158,7,0,0
BRDA:158,7,1,0
BRDA:186,8,0,0
BRDA:186,8,1,0
BRDA:207,9,0,0
BRDA:207,9,1,0
BRDA:215,10,0,0
BRDA:215,10,1,0
BRDA:216,11,0,0
BRDA:216,11,1,0
BRDA:217,12,0,0
BRDA:217,12,1,0
BRF:25
BRH:0
end_of_record
TN:
SF:src/components/ImageWithFallback.tsx
FN:26,ImageWithFallback
FN:34,(anonymous_1)
FN:43,(anonymous_2)
FN:46,(anonymous_3)
FN:66,(anonymous_4)
FN:67,(anonymous_5)
FNF:6
FNH:0
FNDA:0,ImageWithFallback
FNDA:0,(anonymous_1)
FNDA:0,(anonymous_2)
FNDA:0,(anonymous_3)
FNDA:0,(anonymous_4)
FNDA:0,(anonymous_5)
DA:27,0
DA:28,0
DA:29,0
DA:30,0
DA:32,0
DA:34,0
DA:35,0
DA:36,0
DA:43,0
DA:46,0
DA:48,0
DA:49,0
DA:56,0
DA:66,0
DA:67,0
DA:76,0
LF:16
LH:0
BRDA:26,0,0,0
BRDA:35,1,0,0
BRDA:35,1,1,0
BRDA:35,2,0,0
BRDA:35,2,1,0
BRDA:35,2,2,0
BRDA:48,3,0,0
BRDA:48,3,1,0
BRDA:48,4,0,0
BRDA:48,4,1,0
BRDA:51,5,0,0
BRDA:51,5,1,0
BRDA:58,6,0,0
BRDA:58,6,1,0
BRF:14
BRH:0
end_of_record
TN:
SF:src/components/LocationAutocomplete.tsx
FN:59,LocationAutocomplete
FN:78,(anonymous_1)
FN:79,(anonymous_2)
FN:85,(anonymous_3)
FN:108,(anonymous_4)
FN:128,(anonymous_5)
FN:131,(anonymous_6)
FN:134,(anonymous_7)
FN:153,(anonymous_8)
FN:168,(anonymous_9)
FN:169,(anonymous_10)
FN:169,(anonymous_11)
FN:176,(anonymous_12)
FN:179,(anonymous_13)
FN:182,(anonymous_14)
FN:202,formatSuggestion
FNF:16
FNH:0
FNDA:0,LocationAutocomplete
FNDA:0,(anonymous_1)
FNDA:0,(anonymous_2)
FNDA:0,(anonymous_3)
FNDA:0,(anonymous_4)
FNDA:0,(anonymous_5)
FNDA:0,(anonymous_6)
FNDA:0,(anonymous_7)
FNDA:0,(anonymous_8)
FNDA:0,(anonymous_9)
FNDA:0,(anonymous_10)
FNDA:0,(anonymous_11)
FNDA:0,(anonymous_12)
FNDA:0,(anonymous_13)
FNDA:0,(anonymous_14)
FNDA:0,formatSuggestion
DA:51,0
DA:52,0
DA:59,0
DA:69,0
DA:70,0
DA:71,0
DA:72,0
DA:73,0
DA:74,0
DA:75,0
DA:78,0
DA:79,0
DA:80,0
DA:81,0
DA:85,0
DA:86,0
DA:87,0
DA:88,0
DA:89,0
DA:93,0
DA:94,0
DA:96,0
DA:97,0
DA:98,0
DA:99,0
DA:103,0
DA:104,0
DA:105,0
DA:107,0
DA:108,0
DA:109,0
DA:110,0
DA:111,0
DA:112,0
DA:113,0
DA:114,0
DA:116,0
DA:117,0
DA:120,0
DA:121,0
DA:122,0
DA:124,0
DA:128,0
DA:129,0
DA:130,0
DA:131,0
DA:134,0
DA:135,0
DA:136,0
DA:137,0
DA:138,0
DA:139,0
DA:140,0
DA:141,0
DA:142,0
DA:143,0
DA:153,0
DA:156,0
DA:168,0
DA:169,0
DA:177,0
DA:179,0
DA:182,0
DA:203,0
DA:204,0
DA:207,0
DA:208,0
DA:212,0
DA:214,0
DA:215,0
DA:217,0
DA:222,0
DA:223,0
DA:224,0
DA:225,0
DA:229,0
DA:230,0
DA:233,0
DA:236,0
LF:79
LH:0
BRDA:64,0,0,0
BRDA:67,1,0,0
BRDA:80,2,0,0
BRDA:80,2,1,0
BRDA:86,3,0,0
BRDA:86,3,1,0
BRDA:103,4,0,0
BRDA:103,4,1,0
BRDA:105,5,0,0
BRDA:105,5,1,0
BRDA:110,6,0,0
BRDA:110,6,1,0
BRDA:110,7,0,0
BRDA:110,7,1,0
BRDA:110,7,2,0
BRDA:112,8,0,0
BRDA:112,8,1,0
BRDA:120,9,0,0
BRDA:120,9,1,0
BRDA:120,10,0,0
BRDA:120,10,1,0
BRDA:130,11,0,0
BRDA:130,11,1,0
BRDA:151,12,0,0
BRDA:151,12,1,0
BRDA:158,13,0,0
BRDA:158,13,1,0
BRDA:159,14,0,0
BRDA:159,14,1,0
BRDA:161,15,0,0
BRDA:161,15,1,0
BRDA:168,16,0,0
BRDA:168,16,1,0
BRDA:169,17,0,0
BRDA:169,17,1,0
BRDA:171,18,0,0
BRDA:171,18,1,0
BRDA:174,19,0,0
BRDA:174,19,1,0
BRDA:174,19,2,0
BRDA:185,20,0,0
BRDA:185,20,1,0
BRDA:186,21,0,0
BRDA:186,21,1,0
BRDA:207,22,0,0
BRDA:207,22,1,0
BRDA:208,23,0,0
BRDA:208,23,1,0
BRDA:212,24,0,0
BRDA:212,24,1,0
BRDA:212,25,0,0
BRDA:212,25,1,0
BRDA:212,25,2,0
BRDA:214,26,0,0
BRDA:214,26,1,0
BRDA:222,27,0,0
BRDA:222,27,1,0
BRDA:222,28,0,0
BRDA:222,28,1,0
BRDA:224,29,0,0
BRDA:224,29,1,0
BRDA:224,30,0,0
BRDA:224,30,1,0
BRDA:224,30,2,0
BRDA:229,31,0,0
BRDA:229,31,1,0
BRDA:230,32,0,0
BRDA:230,32,1,0
BRDA:233,33,0,0
BRDA:233,33,1,0
BRDA:233,34,0,0
BRDA:233,34,1,0
BRF:72
BRH:0
end_of_record
TN:
SF:src/components/NeighborhoodPicker.tsx
FN:19,NeighborhoodPicker
FN:29,(anonymous_1)
FN:42,(anonymous_2)
FN:46,(anonymous_3)
FN:70,(anonymous_4)
FN:71,(anonymous_5)
FN:93,(anonymous_6)
FN:98,(anonymous_7)
FNF:8
FNH:0
FNDA:0,NeighborhoodPicker
FNDA:0,(anonymous_1)
FNDA:0,(anonymous_2)
FNDA:0,(anonymous_3)
FNDA:0,(anonymous_4)
FNDA:0,(anonymous_5)
FNDA:0,(anonymous_6)
FNDA:0,(anonymous_7)
DA:20,0
DA:21,0
DA:22,0
DA:23,0
DA:24,0
DA:25,0
DA:26,0
DA:27,0
DA:29,0
DA:30,0
DA:31,0
DA:32,0
DA:33,0
DA:34,0
DA:39,0
DA:42,0
DA:46,0
DA:47,0
DA:50,0
DA:52,0
DA:70,0
DA:72,0
DA:73,0
DA:94,0
DA:95,0
DA:98,0
DA:132,0
LF:27
LH:0
BRDA:30,0,0,0
BRDA:30,0,1,0
BRDA:31,1,0,0
BRDA:31,1,1,0
BRDA:32,2,0,0
BRDA:32,2,1,0
BRDA:50,3,0,0
BRDA:50,3,1,0
BRDA:73,4,0,0
BRDA:73,4,1,0
BRDA:93,5,0,0
BRDA:93,5,1,0
BRDA:105,6,0,0
BRDA:105,6,1,0
BRDA:110,7,0,0
BRDA:110,7,1,0
BRDA:115,8,0,0
BRDA:115,8,1,0
BRDA:116,9,0,0
BRDA:116,9,1,0
BRDA:122,10,0,0
BRDA:122,10,1,0
BRF:22
BRH:0
end_of_record
TN:
SF:src/components/OfferModal.tsx
FN:33,OfferModal
FN:45,(anonymous_1)
FN:100,(anonymous_2)
FN:110,(anonymous_3)
FN:122,(anonymous_4)
FNF:5
FNH:0
FNDA:0,OfferModal
FNDA:0,(anonymous_1)
FNDA:0,(anonymous_2)
FNDA:0,(anonymous_3)
FNDA:0,(anonymous_4)
DA:33,0
DA:36,0
DA:37,0
DA:38,0
DA:39,0
DA:41,0
DA:42,0
DA:43,0
DA:45,0
DA:46,0
DA:47,0
DA:48,0
DA:49,0
DA:51,0
DA:52,0
DA:54,0
DA:56,0
DA:57,0
DA:63,0
DA:64,0
DA:66,0
DA:70,0
DA:74,0
DA:84,0
DA:85,0
DA:86,0
DA:88,0
DA:90,0
DA:94,0
DA:95,0
DA:96,0
DA:104,0
DA:113,0
DA:124,0
DA:125,0
DA:127,0
DA:129,0
DA:133,0
DA:202,0
LF:39
LH:0
BRDA:47,0,0,0
BRDA:47,0,1,0
BRDA:47,1,0,0
BRDA:47,1,1,0
BRDA:51,2,0,0
BRDA:51,2,1,0
BRDA:63,3,0,0
BRDA:63,3,1,0
BRDA:70,4,0,0
BRDA:70,4,1,0
BRDA:79,5,0,0
BRDA:79,5,1,0
BRDA:84,6,0,0
BRDA:84,6,1,0
BRDA:85,7,0,0
BRDA:85,7,1,0
BRDA:94,8,0,0
BRDA:94,8,1,0
BRDA:95,9,0,0
BRDA:95,9,1,0
BRDA:136,10,0,0
BRDA:136,10,1,0
BRDA:165,11,0,0
BRDA:165,11,1,0
BRDA:186,12,0,0
BRDA:186,12,1,0
BRDA:190,13,0,0
BRDA:190,13,1,0
BRF:28
BRH:0
end_of_record
TN:
SF:src/components/OfflineBanner.tsx
FN:11,OfflineBanner
FNF:1
FNH:0
FNDA:0,OfflineBanner
DA:12,0
DA:13,0
DA:15,0
DA:17,0
DA:31,0
LF:5
LH:0
BRDA:15,0,0,0
BRDA:15,0,1,0
BRF:2
BRH:0
end_of_record
TN:
SF:src/components/OnboardingOverlay.tsx
FN:42,OnboardingOverlay
FN:52,(anonymous_1)
FN:61,(anonymous_2)
FN:62,(anonymous_3)
FN:68,(anonymous_4)
FN:80,(anonymous_5)
FN:81,(anonymous_6)
FN:83,(anonymous_7)
FN:87,(anonymous_8)
FN:93,(anonymous_9)
FN:96,(anonymous_10)
FN:101,(anonymous_11)
FN:102,(anonymous_12)
FN:111,(anonymous_13)
FN:113,(anonymous_14)
FN:148,(anonymous_15)
FN:151,(anonymous_16)
FN:198,(anonymous_17)
FN:204,(anonymous_18)
FNF:19
FNH:0
FNDA:0,OnboardingOverlay
FNDA:0,(anonymous_1)
FNDA:0,(anonymous_2)
FNDA:0,(anonymous_3)
FNDA:0,(anonymous_4)
FNDA:0,(anonymous_5)
FNDA:0,(anonymous_6)
FNDA:0,(anonymous_7)
FNDA:0,(anonymous_8)
FNDA:0,(anonymous_9)
FNDA:0,(anonymous_10)
FNDA:0,(anonymous_11)
FNDA:0,(anonymous_12)
FNDA:0,(anonymous_13)
FNDA:0,(anonymous_14)
FNDA:0,(anonymous_15)
FNDA:0,(anonymous_16)
FNDA:0,(anonymous_17)
FNDA:0,(anonymous_18)
DA:27,0
DA:29,0
DA:43,0
DA:44,0
DA:45,0
DA:47,0
DA:48,0
DA:49,0
DA:50,0
DA:52,0
DA:53,0
DA:54,0
DA:55,0
DA:56,0
DA:57,0
DA:61,0
DA:62,0
DA:63,0
DA:64,0
DA:68,0
DA:69,0
DA:70,0
DA:71,0
DA:72,0
DA:74,0
DA:76,0
DA:80,0
DA:81,0
DA:83,0
DA:84,0
DA:87,0
DA:88,0
DA:89,0
DA:90,0
DA:93,0
DA:95,0
DA:96,0
DA:98,0
DA:101,0
DA:102,0
DA:103,0
DA:104,0
DA:105,0
DA:106,0
DA:111,0
DA:112,0
DA:114,0
DA:125,0
DA:149,0
DA:151,0
DA:199,0
DA:200,0
DA:201,0
DA:204,0
DA:276,0
LF:55
LH:0
BRDA:53,0,0,0
BRDA:53,0,1,0
BRDA:71,1,0,0
BRDA:71,1,1,0
BRDA:76,2,0,0
BRDA:76,2,1,0
BRDA:88,3,0,0
BRDA:88,3,1,0
BRDA:95,4,0,0
BRDA:95,4,1,0
BRDA:104,5,0,0
BRDA:104,5,1,0
BRDA:117,6,0,0
BRDA:117,6,1,0
BRDA:118,7,0,0
BRDA:118,7,1,0
BRDA:136,8,0,0
BRDA:136,8,1,0
BRDA:155,9,0,0
BRDA:155,9,1,0
BRDA:156,10,0,0
BRDA:156,10,1,0
BRDA:164,11,0,0
BRDA:164,11,1,0
BRDA:175,12,0,0
BRDA:175,12,1,0
BRDA:179,13,0,0
BRDA:179,13,1,0
BRDA:186,14,0,0
BRDA:186,14,1,0
BRDA:208,15,0,0
BRDA:208,15,1,0
BRDA:209,16,0,0
BRDA:209,16,1,0
BRDA:215,17,0,0
BRDA:215,17,1,0
BRDA:216,18,0,0
BRDA:216,18,1,0
BRDA:230,19,0,0
BRDA:230,19,1,0
BRDA:230,20,0,0
BRDA:230,20,1,0
BRDA:230,21,0,0
BRDA:230,21,1,0
BRDA:237,22,0,0
BRDA:237,22,1,0
BRF:46
BRH:0
end_of_record
TN:
SF:src/components/OutOfAreaBanner.tsx
FN:13,OutOfAreaBanner
FN:32,(anonymous_1)
FNF:2
FNH:0
FNDA:0,OutOfAreaBanner
FNDA:0,(anonymous_1)
DA:14,0
DA:15,0
DA:16,0
DA:18,0
DA:20,0
DA:32,0
DA:45,0
LF:7
LH:0
BRDA:18,0,0,0
BRDA:18,0,1,0
BRDA:28,1,0,0
BRDA:28,1,1,0
BRF:4
BRH:0
end_of_record
TN:
SF:src/components/ParticipantAvatarRow.tsx
FN:19,ParticipantAvatarRow
FN:34,(anonymous_1)
FNF:2
FNH:0
FNDA:0,ParticipantAvatarRow
FNDA:0,(anonymous_1)
DA:19,0
DA:25,0
DA:26,0
DA:27,0
DA:28,0
DA:30,0
DA:32,0
DA:35,0
DA:63,0
LF:9
LH:0
BRDA:22,0,0,0
BRDA:23,1,0,0
BRDA:27,2,0,0
BRDA:27,2,1,0
BRDA:30,3,0,0
BRDA:30,3,1,0
BRDA:35,4,0,0
BRDA:35,4,1,0
BRDA:35,4,2,0
BRDA:35,5,0,0
BRDA:35,5,1,0
BRDA:36,6,0,0
BRDA:36,6,1,0
BRDA:36,7,0,0
BRDA:36,7,1,0
BRDA:39,8,0,0
BRDA:39,8,1,0
BRDA:55,9,0,0
BRDA:55,9,1,0
BRF:19
BRH:0
end_of_record
TN:
SF:src/components/PhoneVerificationModal.tsx
FN:16,PhoneVerificationModal
FN:27,(anonymous_1)
FN:34,(anonymous_2)
FN:38,(anonymous_3)
FN:41,(anonymous_4)
FN:53,(anonymous_5)
FN:57,(anonymous_6)
FN:88,(anonymous_7)
FNF:8
FNH:0
FNDA:0,PhoneVerificationModal
FNDA:0,(anonymous_1)
FNDA:0,(anonymous_2)
FNDA:0,(anonymous_3)
FNDA:0,(anonymous_4)
FNDA:0,(anonymous_5)
FNDA:0,(anonymous_6)
FNDA:0,(anonymous_7)
DA:16,0
DA:19,0
DA:20,0
DA:25,0
DA:27,0
DA:28,0
DA:29,0
DA:30,0
DA:34,0
DA:35,0
DA:38,0
DA:39,0
DA:40,0
DA:41,0
DA:42,0
DA:43,0
DA:48,0
DA:50,0
DA:53,0
DA:57,0
DA:88,0
DA:171,0
LF:22
LH:0
BRDA:28,0,0,0
BRDA:28,0,1,0
BRDA:40,1,0,0
BRDA:40,1,1,0
BRDA:56,2,0,0
BRDA:56,2,1,0
BRDA:64,3,0,0
BRDA:64,3,1,0
BRDA:71,4,0,0
BRDA:71,4,1,0
BRDA:76,5,0,0
BRDA:76,5,1,0
BRDA:79,6,0,0
BRDA:79,6,1,0
BRDA:98,7,0,0
BRDA:98,7,1,0
BRDA:104,8,0,0
BRDA:104,8,1,0
BRDA:105,9,0,0
BRDA:105,9,1,0
BRDA:105,10,0,0
BRDA:105,10,1,0
BRDA:109,11,0,0
BRDA:109,11,1,0
BRDA:118,12,0,0
BRDA:118,12,1,0
BRDA:119,13,0,0
BRDA:119,13,1,0
BRDA:123,14,0,0
BRDA:123,14,1,0
BRDA:146,15,0,0
BRDA:146,15,1,0
BRDA:152,16,0,0
BRDA:152,16,1,0
BRDA:153,17,0,0
BRDA:153,17,1,0
BRDA:153,18,0,0
BRDA:153,18,1,0
BRDA:157,19,0,0
BRDA:157,19,1,0
BRF:40
BRH:0
end_of_record
TN:
SF:src/components/PollCard.tsx
FN:34,PollCard
FN:41,(anonymous_1)
FN:50,(anonymous_2)
FN:72,(anonymous_3)
FN:73,(anonymous_4)
FN:83,(anonymous_5)
FN:114,(anonymous_6)
FN:122,(anonymous_7)
FNF:8
FNH:0
FNDA:0,PollCard
FNDA:0,(anonymous_1)
FNDA:0,(anonymous_2)
FNDA:0,(anonymous_3)
FNDA:0,(anonymous_4)
FNDA:0,(anonymous_5)
FNDA:0,(anonymous_6)
FNDA:0,(anonymous_7)
DA:34,0
DA:35,0
DA:36,0
DA:37,0
DA:39,0
DA:40,0
DA:41,0
DA:42,0
DA:43,0
DA:45,0
DA:46,0
DA:47,0
DA:48,0
DA:50,0
DA:51,0
DA:52,0
DA:53,0
DA:54,0
DA:56,0
DA:57,0
DA:58,0
DA:61,0
DA:67,0
DA:69,0
DA:70,0
DA:72,0
DA:73,0
DA:74,0
DA:75,0
DA:76,0
DA:79,0
DA:80,0
DA:83,0
DA:85,0
DA:115,0
DA:116,0
DA:117,0
DA:119,0
DA:122,0
DA:183,0
LF:40
LH:0
BRDA:39,0,0,0
BRDA:39,0,1,0
BRDA:41,1,0,0
BRDA:41,1,1,0
BRDA:41,2,0,0
BRDA:41,2,1,0
BRDA:45,3,0,0
BRDA:45,3,1,0
BRDA:47,4,0,0
BRDA:47,4,1,0
BRDA:48,5,0,0
BRDA:48,5,1,0
BRDA:51,6,0,0
BRDA:51,6,1,0
BRDA:51,7,0,0
BRDA:51,7,1,0
BRDA:51,7,2,0
BRDA:51,7,3,0
BRDA:52,8,0,0
BRDA:52,8,1,0
BRDA:52,9,0,0
BRDA:52,9,1,0
BRDA:67,10,0,0
BRDA:67,10,1,0
BRDA:75,11,0,0
BRDA:75,11,1,0
BRDA:83,12,0,0
BRDA:83,12,1,0
BRDA:96,13,0,0
BRDA:96,13,1,0
BRDA:100,14,0,0
BRDA:100,14,1,0
BRDA:115,15,0,0
BRDA:115,15,1,0
BRDA:116,16,0,0
BRDA:116,16,1,0
BRDA:123,17,0,0
BRDA:123,17,1,0
BRDA:123,17,2,0
BRDA:127,18,0,0
BRDA:127,18,1,0
BRDA:128,19,0,0
BRDA:128,19,1,0
BRDA:132,20,0,0
BRDA:132,20,1,0
BRDA:133,21,0,0
BRDA:133,21,1,0
BRDA:133,21,2,0
BRDA:136,22,0,0
BRDA:136,22,1,0
BRDA:142,23,0,0
BRDA:142,23,1,0
BRDA:148,24,0,0
BRDA:148,24,1,0
BRDA:154,25,0,0
BRDA:154,25,1,0
BRDA:161,26,0,0
BRDA:161,26,1,0
BRF:58
BRH:0
end_of_record
TN:
SF:src/components/PostCard.tsx
FN:27,getExpirationInfo
FN:51,PostCard
FN:70,(anonymous_2)
FN:79,(anonymous_3)
FN:83,(anonymous_4)
FN:90,(anonymous_5)
FN:97,(anonymous_6)
FN:104,(anonymous_7)
FN:109,(anonymous_8)
FN:112,(anonymous_9)
FN:125,(anonymous_10)
FN:128,(anonymous_11)
FN:142,(anonymous_12)
FN:154,(anonymous_13)
FN:161,(anonymous_14)
FN:167,(anonymous_15)
FN:183,(anonymous_16)
FN:186,(anonymous_17)
FN:190,(anonymous_18)
FN:208,(anonymous_19)
FN:219,(anonymous_20)
FN:225,(anonymous_21)
FN:233,(anonymous_22)
FN:275,(anonymous_23)
FN:325,(anonymous_24)
FN:331,(anonymous_25)
FN:350,(anonymous_26)
FN:351,(anonymous_27)
FN:379,(anonymous_28)
FN:428,(anonymous_29)
FN:431,(anonymous_30)
FN:432,(anonymous_31)
FN:445,(anonymous_32)
FN:452,(anonymous_33)
FN:453,(anonymous_34)
FN:500,(anonymous_35)
FN:500,(anonymous_36)
FN:531,(anonymous_37)
FN:556,(anonymous_38)
FNF:39
FNH:18
FNDA:20,getExpirationInfo
FNDA:20,PostCard
FNDA:19,(anonymous_2)
FNDA:1,(anonymous_3)
FNDA:19,(anonymous_4)
FNDA:19,(anonymous_5)
FNDA:20,(anonymous_6)
FNDA:0,(anonymous_7)
FNDA:0,(anonymous_8)
FNDA:0,(anonymous_9)
FNDA:20,(anonymous_10)
FNDA:20,(anonymous_11)
FNDA:20,(anonymous_12)
FNDA:2,(anonymous_13)
FNDA:0,(anonymous_14)
FNDA:0,(anonymous_15)
FNDA:0,(anonymous_16)
FNDA:0,(anonymous_17)
FNDA:0,(anonymous_18)
FNDA:0,(anonymous_19)
FNDA:0,(anonymous_20)
FNDA:0,(anonymous_21)
FNDA:20,(anonymous_22)
FNDA:0,(anonymous_23)
FNDA:20,(anonymous_24)
FNDA:20,(anonymous_25)
FNDA:0,(anonymous_26)
FNDA:0,(anonymous_27)
FNDA:2,(anonymous_28)
FNDA:2,(anonymous_29)
FNDA:0,(anonymous_30)
FNDA:0,(anonymous_31)
FNDA:0,(anonymous_32)
FNDA:20,(anonymous_33)
FNDA:0,(anonymous_34)
FNDA:0,(anonymous_35)
FNDA:0,(anonymous_36)
FNDA:0,(anonymous_37)
FNDA:20,(anonymous_38)
DA:25,1
DA:28,20
DA:29,2
DA:30,2
DA:31,2
DA:32,2
DA:33,2
DA:34,1
DA:35,1
DA:36,0
DA:37,0
DA:38,0
DA:39,0
DA:51,1
DA:52,20
DA:53,20
DA:54,20
DA:55,20
DA:56,20
DA:57,20
DA:58,20
DA:59,20
DA:60,20
DA:61,20
DA:62,20
DA:65,20
DA:68,20
DA:69,20
DA:70,20
DA:71,19
DA:72,1
DA:78,1
DA:79,1
DA:83,20
DA:84,19
DA:85,19
DA:86,19
DA:90,20
DA:91,19
DA:92,0
DA:97,20
DA:98,20
DA:99,0
DA:100,0
DA:102,0
DA:103,0
DA:104,0
DA:107,0
DA:108,0
DA:109,0
DA:112,0
DA:115,20
DA:116,20
DA:117,20
DA:118,20
DA:119,20
DA:121,20
DA:122,20
DA:123,20
DA:125,20
DA:128,20
DA:129,20
DA:130,20
DA:131,20
DA:132,20
DA:133,20
DA:134,20
DA:135,20
DA:136,20
DA:137,20
DA:138,20
DA:139,20
DA:142,20
DA:143,20
DA:144,0
DA:145,0
DA:146,0
DA:149,20
DA:155,2
DA:156,2
DA:158,2
DA:159,2
DA:162,0
DA:163,0
DA:165,0
DA:167,0
DA:168,0
DA:169,0
DA:170,0
DA:171,0
DA:172,0
DA:173,0
DA:174,0
DA:175,0
DA:177,0
DA:178,0
DA:179,0
DA:181,0
DA:183,0
DA:184,0
DA:186,0
DA:187,0
DA:188,0
DA:190,0
DA:191,0
DA:192,0
DA:193,0
DA:196,0
DA:203,0
DA:211,0
DA:212,0
DA:220,0
DA:225,0
DA:233,20
DA:275,0
DA:326,20
DA:327,20
DA:331,20
DA:350,0
DA:351,0
DA:380,2
DA:381,2
DA:428,2
DA:432,0
DA:433,0
DA:434,0
DA:435,0
DA:445,0
DA:452,20
DA:454,0
DA:455,0
DA:456,0
DA:457,0
DA:458,0
DA:459,0
DA:460,0
DA:461,0
DA:463,0
DA:464,0
DA:467,0
DA:468,0
DA:470,0
DA:471,0
DA:478,0
DA:482,0
DA:484,0
DA:485,0
DA:486,0
DA:488,0
DA:489,0
DA:492,0
DA:493,0
DA:495,0
DA:496,0
DA:504,0
DA:532,0
DA:533,0
DA:534,0
DA:535,0
DA:536,0
DA:537,0
DA:538,0
DA:539,0
DA:541,0
DA:542,0
DA:543,0
DA:544,0
DA:546,0
DA:547,0
DA:548,0
DA:549,0
DA:551,0
DA:554,0
DA:556,20
DA:581,1
LF:175
LH:75
BRDA:28,0,0,18
BRDA:28,0,1,2
BRDA:31,1,0,0
BRDA:31,1,1,2
BRDA:33,2,0,1
BRDA:33,2,1,1
BRDA:35,3,0,1
BRDA:35,3,1,0
BRDA:36,4,0,0
BRDA:36,4,1,0
BRDA:38,5,0,0
BRDA:38,5,1,0
BRDA:51,6,0,20
BRDA:58,7,0,20
BRDA:58,7,1,20
BRDA:59,8,0,20
BRDA:59,8,1,0
BRDA:60,9,0,20
BRDA:60,9,1,20
BRDA:71,10,0,18
BRDA:71,10,1,1
BRDA:71,11,0,19
BRDA:71,11,1,19
BRDA:71,11,2,19
BRDA:84,12,0,19
BRDA:84,12,1,0
BRDA:85,13,0,0
BRDA:85,13,1,19
BRDA:86,14,0,19
BRDA:86,14,1,0
BRDA:91,15,0,0
BRDA:91,15,1,19
BRDA:91,16,0,19
BRDA:91,16,1,19
BRDA:98,17,0,20
BRDA:98,17,1,0
BRDA:99,18,0,0
BRDA:99,18,1,0
BRDA:99,19,0,0
BRDA:99,19,1,0
BRDA:102,20,0,0
BRDA:102,20,1,0
BRDA:104,21,0,0
BRDA:104,21,1,0
BRDA:104,22,0,0
BRDA:104,22,1,0
BRDA:107,23,0,0
BRDA:107,23,1,0
BRDA:109,24,0,0
BRDA:109,24,1,0
BRDA:109,25,0,0
BRDA:109,25,1,0
BRDA:118,26,0,20
BRDA:118,26,1,1
BRDA:119,27,0,20
BRDA:119,27,1,0
BRDA:122,28,0,20
BRDA:122,28,1,0
BRDA:122,28,2,0
BRDA:123,29,0,20
BRDA:123,29,1,2
BRDA:130,30,0,20
BRDA:130,30,1,0
BRDA:130,31,0,20
BRDA:130,31,1,0
BRDA:132,32,0,20
BRDA:132,32,1,0
BRDA:133,33,0,1
BRDA:133,33,1,19
BRDA:134,34,0,20
BRDA:134,34,1,0
BRDA:134,35,0,20
BRDA:134,35,1,0
BRDA:135,36,0,20
BRDA:135,36,1,0
BRDA:136,37,0,20
BRDA:136,37,1,0
BRDA:137,38,0,0
BRDA:137,38,1,20
BRDA:137,39,0,0
BRDA:137,39,1,0
BRDA:138,40,0,0
BRDA:138,40,1,20
BRDA:138,41,0,20
BRDA:138,41,1,0
BRDA:138,42,0,0
BRDA:138,42,1,0
BRDA:143,43,0,20
BRDA:143,43,1,0
BRDA:143,44,0,20
BRDA:143,44,1,0
BRDA:143,44,2,0
BRDA:145,45,0,0
BRDA:145,45,1,0
BRDA:146,46,0,0
BRDA:146,46,1,0
BRDA:153,47,0,20
BRDA:153,47,1,0
BRDA:158,48,0,0
BRDA:158,48,1,2
BRDA:162,49,0,0
BRDA:162,49,1,0
BRDA:163,50,0,0
BRDA:163,50,1,0
BRDA:168,51,0,0
BRDA:168,51,1,0
BRDA:169,52,0,0
BRDA:169,52,1,0
BRDA:172,53,0,0
BRDA:172,53,1,0
BRDA:175,54,0,0
BRDA:175,54,1,0
BRDA:179,55,0,0
BRDA:179,55,1,0
BRDA:179,56,0,0
BRDA:179,56,1,0
BRDA:187,57,0,0
BRDA:187,57,1,0
BRDA:191,58,0,0
BRDA:191,58,1,0
BRDA:197,59,0,0
BRDA:197,59,1,0
BRDA:200,60,0,0
BRDA:200,60,1,0
BRDA:207,61,0,0
BRDA:207,61,1,0
BRDA:211,62,0,0
BRDA:211,62,1,0
BRDA:220,63,0,0
BRDA:220,63,1,0
BRDA:220,64,0,0
BRDA:220,64,1,0
BRDA:227,65,0,0
BRDA:227,65,1,0
BRDA:236,66,0,20
BRDA:236,66,1,0
BRDA:237,67,0,20
BRDA:237,67,1,20
BRDA:237,67,2,0
BRDA:238,68,0,20
BRDA:238,68,1,1
BRDA:239,69,0,20
BRDA:239,69,1,0
BRDA:243,70,0,20
BRDA:243,70,1,0
BRDA:243,70,2,0
BRDA:255,71,0,1
BRDA:255,71,1,19
BRDA:263,72,0,1
BRDA:263,72,1,1
BRDA:268,73,0,1
BRDA:268,73,1,1
BRDA:275,74,0,0
BRDA:275,74,1,0
BRDA:275,75,0,19
BRDA:275,75,1,0
BRDA:277,76,0,0
BRDA:277,76,1,19
BRDA:280,77,0,0
BRDA:280,77,1,0
BRDA:282,78,0,0
BRDA:282,78,1,0
BRDA:287,79,0,19
BRDA:287,79,1,0
BRDA:291,80,0,19
BRDA:291,80,1,0
BRDA:296,81,0,19
BRDA:296,81,1,0
BRDA:298,82,0,19
BRDA:298,82,1,0
BRDA:303,83,0,19
BRDA:303,83,1,0
BRDA:310,84,0,19
BRDA:310,84,1,19
BRDA:315,85,0,19
BRDA:315,85,1,19
BRDA:325,86,0,20
BRDA:325,86,1,20
BRDA:326,87,0,0
BRDA:326,87,1,20
BRDA:326,88,0,0
BRDA:326,88,1,0
BRDA:329,89,0,20
BRDA:329,89,1,20
BRDA:340,90,0,1
BRDA:340,90,1,19
BRDA:342,91,0,1
BRDA:342,91,1,1
BRDA:347,92,0,1
BRDA:347,92,1,1
BRDA:359,93,0,1
BRDA:359,93,1,0
BRDA:359,93,2,0
BRDA:366,94,0,1
BRDA:366,94,1,0
BRDA:372,95,0,0
BRDA:372,95,1,19
BRDA:372,96,0,19
BRDA:372,96,1,0
BRDA:379,97,0,20
BRDA:379,97,1,2
BRDA:380,98,0,2
BRDA:380,98,1,0
BRDA:393,99,0,20
BRDA:393,99,1,0
BRDA:398,100,0,20
BRDA:398,100,1,0
BRDA:405,101,0,20
BRDA:405,101,1,19
BRDA:405,101,2,17
BRDA:405,101,3,0
BRDA:405,101,4,3
BRDA:407,102,0,3
BRDA:407,102,1,1
BRDA:408,103,0,0
BRDA:408,103,1,1
BRDA:409,104,0,0
BRDA:409,104,1,1
BRDA:414,105,0,3
BRDA:414,105,1,2
BRDA:414,105,2,1
BRDA:415,106,0,0
BRDA:415,106,1,1
BRDA:416,107,0,0
BRDA:416,107,1,1
BRDA:421,108,0,3
BRDA:421,108,1,2
BRDA:421,108,2,2
BRDA:421,108,3,2
BRDA:421,108,4,1
BRDA:422,109,0,0
BRDA:422,109,1,1
BRDA:423,110,0,0
BRDA:423,110,1,1
BRDA:428,111,0,3
BRDA:428,111,1,2
BRDA:428,111,2,0
BRDA:429,112,0,0
BRDA:429,112,1,0
BRDA:430,113,0,0
BRDA:430,113,1,0
BRDA:433,114,0,0
BRDA:433,114,1,0
BRDA:450,115,0,0
BRDA:450,115,1,20
BRDA:452,116,0,20
BRDA:452,116,1,0
BRDA:452,117,0,20
BRDA:452,117,1,0
BRDA:454,118,0,0
BRDA:454,118,1,0
BRDA:455,119,0,0
BRDA:455,119,1,0
BRDA:456,120,0,0
BRDA:456,120,1,0
BRDA:457,121,0,0
BRDA:457,121,1,0
BRDA:458,122,0,0
BRDA:458,122,1,0
BRDA:468,123,0,0
BRDA:468,123,1,0
BRDA:470,124,0,0
BRDA:470,124,1,0
BRDA:470,125,0,0
BRDA:470,125,1,0
BRDA:478,126,0,0
BRDA:478,126,1,0
BRDA:482,127,0,0
BRDA:482,127,1,0
BRDA:484,128,0,0
BRDA:484,128,1,0
BRDA:488,129,0,0
BRDA:488,129,1,0
BRDA:492,130,0,0
BRDA:492,130,1,0
BRDA:495,131,0,0
BRDA:495,131,1,0
BRDA:495,132,0,0
BRDA:495,132,1,0
BRDA:508,133,0,0
BRDA:508,133,1,20
BRDA:508,134,0,0
BRDA:508,134,1,20
BRDA:510,135,0,20
BRDA:510,135,1,0
BRDA:510,136,0,0
BRDA:510,136,1,0
BRDA:517,137,0,20
BRDA:517,137,1,0
BRDA:520,138,0,20
BRDA:520,138,1,0
BRDA:520,139,0,20
BRDA:520,139,1,0
BRDA:529,140,0,0
BRDA:529,140,1,20
BRDA:533,141,0,0
BRDA:533,141,1,0
BRDA:534,142,0,0
BRDA:534,142,1,0
BRDA:535,143,0,0
BRDA:535,143,1,0
BRDA:536,144,0,0
BRDA:536,144,1,0
BRDA:541,145,0,0
BRDA:541,145,1,0
BRDA:544,146,0,0
BRDA:544,146,1,0
BRDA:548,147,0,0
BRDA:548,147,1,0
BRDA:549,148,0,0
BRDA:549,148,1,0
BRDA:556,149,0,20
BRDA:556,149,1,0
BRDA:556,150,0,20
BRDA:556,150,1,0
BRDA:558,151,0,0
BRDA:558,151,1,20
BRDA:566,152,0,20
BRDA:566,152,1,0
BRF:319
BRH:126
end_of_record
TN:
SF:src/components/PostCardGrid.tsx
FN:29,getCardVariant
FN:46,PostCardGrid
FN:62,(anonymous_2)
FN:64,(anonymous_3)
FN:67,(anonymous_4)
FN:77,(anonymous_5)
FN:80,(anonymous_6)
FN:98,(anonymous_7)
FN:108,(anonymous_8)
FN:119,(anonymous_9)
FN:161,(anonymous_10)
FN:165,(anonymous_11)
FN:171,(anonymous_12)
FN:201,(anonymous_13)
FN:205,(anonymous_14)
FN:210,(anonymous_15)
FN:251,(anonymous_16)
FN:252,(anonymous_17)
FNF:18
FNH:0
FNDA:0,getCardVariant
FNDA:0,PostCardGrid
FNDA:0,(anonymous_2)
FNDA:0,(anonymous_3)
FNDA:0,(anonymous_4)
FNDA:0,(anonymous_5)
FNDA:0,(anonymous_6)
FNDA:0,(anonymous_7)
FNDA:0,(anonymous_8)
FNDA:0,(anonymous_9)
FNDA:0,(anonymous_10)
FNDA:0,(anonymous_11)
FNDA:0,(anonymous_12)
FNDA:0,(anonymous_13)
FNDA:0,(anonymous_14)
FNDA:0,(anonymous_15)
FNDA:0,(anonymous_16)
FNDA:0,(anonymous_17)
DA:30,0
DA:31,0
DA:32,0
DA:33,0
DA:46,0
DA:47,0
DA:48,0
DA:49,0
DA:50,0
DA:51,0
DA:53,0
DA:54,0
DA:55,0
DA:56,0
DA:57,0
DA:58,0
DA:59,0
DA:60,0
DA:62,0
DA:63,0
DA:64,0
DA:67,0
DA:68,0
DA:69,0
DA:70,0
DA:76,0
DA:77,0
DA:80,0
DA:81,0
DA:82,0
DA:83,0
DA:87,0
DA:88,0
DA:89,0
DA:90,0
DA:91,0
DA:92,0
DA:93,0
DA:94,0
DA:95,0
DA:96,0
DA:98,0
DA:99,0
DA:100,0
DA:101,0
DA:102,0
DA:103,0
DA:104,0
DA:105,0
DA:108,0
DA:109,0
DA:110,0
DA:111,0
DA:112,0
DA:113,0
DA:115,0
DA:119,0
DA:120,0
DA:121,0
DA:122,0
DA:123,0
DA:124,0
DA:125,0
DA:126,0
DA:127,0
DA:128,0
DA:129,0
DA:130,0
DA:131,0
DA:132,0
DA:133,0
DA:138,0
DA:141,0
DA:142,0
DA:143,0
DA:144,0
DA:146,0
DA:148,0
DA:150,0
DA:151,0
DA:152,0
DA:155,0
DA:160,0
DA:161,0
DA:162,0
DA:163,0
DA:165,0
DA:166,0
DA:167,0
DA:171,0
DA:172,0
DA:201,0
DA:202,0
DA:203,0
DA:205,0
DA:210,0
DA:226,0
DA:227,0
DA:251,0
DA:252,0
DA:304,0
DA:306,0
DA:307,0
DA:310,0
DA:314,0
DA:351,0
DA:395,0
LF:107
LH:0
BRDA:30,0,0,0
BRDA:30,0,1,0
BRDA:31,1,0,0
BRDA:31,1,1,0
BRDA:32,2,0,0
BRDA:32,2,1,0
BRDA:46,3,0,0
BRDA:55,4,0,0
BRDA:55,4,1,0
BRDA:56,5,0,0
BRDA:56,5,1,0
BRDA:68,6,0,0
BRDA:68,6,1,0
BRDA:68,6,2,0
BRDA:69,7,0,0
BRDA:69,7,1,0
BRDA:69,8,0,0
BRDA:69,8,1,0
BRDA:69,8,2,0
BRDA:81,9,0,0
BRDA:81,9,1,0
BRDA:82,10,0,0
BRDA:82,10,1,0
BRDA:83,11,0,0
BRDA:83,11,1,0
BRDA:88,12,0,0
BRDA:88,12,1,0
BRDA:88,12,2,0
BRDA:89,13,0,0
BRDA:89,13,1,0
BRDA:92,14,0,0
BRDA:92,14,1,0
BRDA:93,15,0,0
BRDA:93,15,1,0
BRDA:95,16,0,0
BRDA:95,16,1,0
BRDA:95,17,0,0
BRDA:95,17,1,0
BRDA:96,18,0,0
BRDA:96,18,1,0
BRDA:100,19,0,0
BRDA:100,19,1,0
BRDA:102,20,0,0
BRDA:102,20,1,0
BRDA:102,21,0,0
BRDA:102,21,1,0
BRDA:103,22,0,0
BRDA:103,22,1,0
BRDA:104,23,0,0
BRDA:104,23,1,0
BRDA:111,24,0,0
BRDA:111,24,1,0
BRDA:113,25,0,0
BRDA:113,25,1,0
BRDA:120,26,0,0
BRDA:120,26,1,0
BRDA:121,27,0,0
BRDA:121,27,1,0
BRDA:122,28,0,0
BRDA:122,28,1,0
BRDA:123,29,0,0
BRDA:123,29,1,0
BRDA:124,30,0,0
BRDA:124,30,1,0
BRDA:131,31,0,0
BRDA:131,31,1,0
BRDA:132,32,0,0
BRDA:132,32,1,0
BRDA:132,33,0,0
BRDA:132,33,1,0
BRDA:138,34,0,0
BRDA:138,34,1,0
BRDA:141,35,0,0
BRDA:141,35,1,0
BRDA:142,36,0,0
BRDA:142,36,1,0
BRDA:148,37,0,0
BRDA:148,37,1,0
BRDA:150,38,0,0
BRDA:150,38,1,0
BRDA:162,39,0,0
BRDA:162,39,1,0
BRDA:166,40,0,0
BRDA:166,40,1,0
BRDA:173,41,0,0
BRDA:173,41,1,0
BRDA:173,42,0,0
BRDA:173,42,1,0
BRDA:184,43,0,0
BRDA:184,43,1,0
BRDA:187,44,0,0
BRDA:187,44,1,0
BRDA:190,45,0,0
BRDA:190,45,1,0
BRDA:195,46,0,0
BRDA:195,46,1,0
BRDA:202,47,0,0
BRDA:202,47,1,0
BRDA:202,48,0,0
BRDA:202,48,1,0
BRDA:208,49,0,0
BRDA:208,49,1,0
BRDA:210,50,0,0
BRDA:210,50,1,0
BRDA:216,51,0,0
BRDA:216,51,1,0
BRDA:226,52,0,0
BRDA:226,52,1,0
BRDA:238,53,0,0
BRDA:238,53,1,0
BRDA:243,54,0,0
BRDA:243,54,1,0
BRDA:261,55,0,0
BRDA:261,55,1,0
BRDA:266,56,0,0
BRDA:266,56,1,0
BRDA:276,57,0,0
BRDA:276,57,1,0
BRDA:276,57,2,0
BRDA:276,57,3,0
BRDA:280,58,0,0
BRDA:280,58,1,0
BRDA:293,59,0,0
BRDA:293,59,1,0
BRDA:304,60,0,0
BRDA:304,60,1,0
BRDA:306,61,0,0
BRDA:306,61,1,0
BRDA:307,62,0,0
BRDA:307,62,1,0
BRDA:308,63,0,0
BRDA:308,63,1,0
BRDA:310,64,0,0
BRDA:310,64,1,0
BRDA:326,65,0,0
BRDA:326,65,1,0
BRDA:339,66,0,0
BRDA:339,66,1,0
BRDA:342,67,0,0
BRDA:342,67,1,0
BRDA:363,68,0,0
BRDA:363,68,1,0
BRDA:368,69,0,0
BRDA:368,69,1,0
BRDA:373,70,0,0
BRDA:373,70,1,0
BRDA:385,71,0,0
BRDA:385,71,1,0
BRF:148
BRH:0
end_of_record
TN:
SF:src/components/ReportModal.tsx
FN:20,ReportModal
FN:30,(anonymous_1)
FN:30,(anonymous_2)
FN:33,(anonymous_3)
FN:46,(anonymous_4)
FN:74,(anonymous_5)
FN:88,(anonymous_6)
FN:101,(anonymous_7)
FN:108,(anonymous_8)
FN:126,(anonymous_9)
FN:129,(anonymous_10)
FN:155,(anonymous_11)
FNF:12
FNH:0
FNDA:0,ReportModal
FNDA:0,(anonymous_1)
FNDA:0,(anonymous_2)
FNDA:0,(anonymous_3)
FNDA:0,(anonymous_4)
FNDA:0,(anonymous_5)
FNDA:0,(anonymous_6)
FNDA:0,(anonymous_7)
FNDA:0,(anonymous_8)
FNDA:0,(anonymous_9)
FNDA:0,(anonymous_10)
FNDA:0,(anonymous_11)
DA:10,0
DA:20,0
DA:21,0
DA:22,0
DA:23,0
DA:25,0
DA:26,0
DA:27,0
DA:28,0
DA:29,0
DA:30,0
DA:33,0
DA:34,0
DA:37,0
DA:46,0
DA:47,0
DA:48,0
DA:49,0
DA:52,0
DA:53,0
DA:54,0
DA:55,0
DA:56,0
DA:57,0
DA:58,0
DA:61,0
DA:70,0
DA:71,0
DA:73,0
DA:74,0
DA:75,0
DA:76,0
DA:77,0
DA:78,0
DA:79,0
DA:82,0
DA:84,0
DA:88,0
DA:89,0
DA:90,0
DA:91,0
DA:92,0
DA:93,0
DA:97,0
DA:108,0
DA:127,0
DA:129,0
DA:155,0
DA:187,0
LF:49
LH:0
BRDA:34,0,0,0
BRDA:34,0,1,0
BRDA:47,1,0,0
BRDA:47,1,1,0
BRDA:55,2,0,0
BRDA:55,2,1,0
BRDA:64,3,0,0
BRDA:64,3,1,0
BRDA:65,4,0,0
BRDA:65,4,1,0
BRDA:65,5,0,0
BRDA:65,5,1,0
BRDA:71,6,0,0
BRDA:71,6,1,0
BRDA:75,7,0,0
BRDA:75,7,1,0
BRDA:79,8,0,0
BRDA:79,8,1,0
BRDA:89,9,0,0
BRDA:89,9,1,0
BRDA:100,10,0,0
BRDA:100,10,1,0
BRDA:108,11,0,0
BRDA:108,11,1,0
BRDA:113,12,0,0
BRDA:113,12,1,0
BRDA:134,13,0,0
BRDA:134,13,1,0
BRDA:135,14,0,0
BRDA:135,14,1,0
BRDA:139,15,0,0
BRDA:139,15,1,0
BRDA:143,16,0,0
BRDA:143,16,1,0
BRDA:168,17,0,0
BRDA:168,17,1,0
BRDA:169,18,0,0
BRDA:169,18,1,0
BRDA:169,19,0,0
BRDA:169,19,1,0
BRDA:171,20,0,0
BRDA:171,20,1,0
BRF:42
BRH:0
end_of_record
TN:
SF:src/components/ReviewModal.tsx
FN:20,ReviewModal
FN:31,(anonymous_1)
FN:31,(anonymous_2)
FN:33,(anonymous_3)
FN:94,(anonymous_4)
FN:97,(anonymous_5)
FN:112,(anonymous_6)
FN:124,(anonymous_7)
FN:128,(anonymous_8)
FN:151,(anonymous_9)
FN:166,(anonymous_10)
FNF:11
FNH:0
FNDA:0,ReviewModal
FNDA:0,(anonymous_1)
FNDA:0,(anonymous_2)
FNDA:0,(anonymous_3)
FNDA:0,(anonymous_4)
FNDA:0,(anonymous_5)
FNDA:0,(anonymous_6)
FNDA:0,(anonymous_7)
FNDA:0,(anonymous_8)
FNDA:0,(anonymous_9)
FNDA:0,(anonymous_10)
DA:20,0
DA:21,0
DA:22,0
DA:23,0
DA:25,0
DA:26,0
DA:27,0
DA:28,0
DA:29,0
DA:30,0
DA:31,0
DA:33,0
DA:34,0
DA:35,0
DA:36,0
DA:39,0
DA:40,0
DA:41,0
DA:42,0
DA:43,0
DA:44,0
DA:45,0
DA:49,0
DA:50,0
DA:51,0
DA:52,0
DA:56,0
DA:63,0
DA:64,0
DA:65,0
DA:66,0
DA:70,0
DA:78,0
DA:81,0
DA:82,0
DA:94,0
DA:96,0
DA:97,0
DA:98,0
DA:99,0
DA:100,0
DA:101,0
DA:102,0
DA:103,0
DA:106,0
DA:108,0
DA:112,0
DA:113,0
DA:114,0
DA:115,0
DA:116,0
DA:117,0
DA:121,0
DA:128,0
DA:151,0
DA:166,0
DA:186,0
LF:57
LH:0
BRDA:34,0,0,0
BRDA:34,0,1,0
BRDA:42,1,0,0
BRDA:42,1,1,0
BRDA:49,2,0,0
BRDA:49,2,1,0
BRDA:63,3,0,0
BRDA:63,3,1,0
BRDA:73,4,0,0
BRDA:73,4,1,0
BRDA:75,5,0,0
BRDA:75,5,1,0
BRDA:78,6,0,0
BRDA:78,6,1,0
BRDA:98,7,0,0
BRDA:98,7,1,0
BRDA:113,8,0,0
BRDA:113,8,1,0
BRDA:128,9,0,0
BRDA:128,9,1,0
BRDA:133,10,0,0
BRDA:133,10,1,0
BRDA:165,11,0,0
BRDA:165,11,1,0
BRDA:166,12,0,0
BRDA:166,12,1,0
BRDA:166,13,0,0
BRDA:166,13,1,0
BRDA:166,14,0,0
BRDA:166,14,1,0
BRDA:169,15,0,0
BRDA:169,15,1,0
BRDA:171,16,0,0
BRDA:171,16,1,0
BRF:34
BRH:0
end_of_record
TN:
SF:src/components/ScreenErrorBoundary.tsx
FN:23,ScreenErrorFallbackUI
FN:47,(anonymous_1)
FN:71,(anonymous_2)
FN:76,(anonymous_3)
FN:80,(anonymous_4)
FN:86,(anonymous_5)
FN:90,(anonymous_6)
FNF:7
FNH:0
FNDA:0,ScreenErrorFallbackUI
FNDA:0,(anonymous_1)
FNDA:0,(anonymous_2)
FNDA:0,(anonymous_3)
FNDA:0,(anonymous_4)
FNDA:0,(anonymous_5)
FNDA:0,(anonymous_6)
DA:24,0
DA:25,0
DA:27,0
DA:47,0
DA:72,0
DA:73,0
DA:77,0
DA:81,0
DA:82,0
DA:83,0
DA:86,0
DA:87,0
DA:91,0
DA:92,0
DA:95,0
DA:99,0
LF:16
LH:0
BRDA:37,0,0,0
BRDA:37,0,1,0
BRDA:37,0,2,0
BRDA:50,1,0,0
BRDA:50,1,1,0
BRDA:81,2,0,0
BRDA:81,2,1,0
BRDA:82,3,0,0
BRDA:82,3,1,0
BRDA:91,4,0,0
BRDA:91,4,1,0
BRF:11
BRH:0
end_of_record
TN:
SF:src/components/SearchFilters.tsx
FN:57,countActiveFilters
FN:86,SearchFilters
FN:102,(anonymous_2)
FN:109,(anonymous_3)
FN:115,(anonymous_4)
FN:126,(anonymous_5)
FN:137,(anonymous_6)
FN:138,(anonymous_7)
FN:141,(anonymous_8)
FN:142,(anonymous_9)
FN:145,(anonymous_10)
FN:150,(anonymous_11)
FN:154,(anonymous_12)
FN:159,(anonymous_13)
FN:161,(anonymous_14)
FN:166,(anonymous_15)
FN:170,(anonymous_16)
FN:190,(anonymous_17)
FN:277,(anonymous_18)
FN:277,(anonymous_19)
FN:299,(anonymous_20)
FN:299,(anonymous_21)
FN:333,(anonymous_22)
FN:334,(anonymous_23)
FN:356,(anonymous_24)
FN:357,(anonymous_25)
FN:389,(anonymous_26)
FN:392,(anonymous_27)
FN:392,(anonymous_28)
FN:435,(anonymous_29)
FN:440,(anonymous_30)
FN:478,(anonymous_31)
FN:483,(anonymous_32)
FN:483,(anonymous_33)
FNF:34
FNH:0
FNDA:0,countActiveFilters
FNDA:0,SearchFilters
FNDA:0,(anonymous_2)
FNDA:0,(anonymous_3)
FNDA:0,(anonymous_4)
FNDA:0,(anonymous_5)
FNDA:0,(anonymous_6)
FNDA:0,(anonymous_7)
FNDA:0,(anonymous_8)
FNDA:0,(anonymous_9)
FNDA:0,(anonymous_10)
FNDA:0,(anonymous_11)
FNDA:0,(anonymous_12)
FNDA:0,(anonymous_13)
FNDA:0,(anonymous_14)
FNDA:0,(anonymous_15)
FNDA:0,(anonymous_16)
FNDA:0,(anonymous_17)
FNDA:0,(anonymous_18)
FNDA:0,(anonymous_19)
FNDA:0,(anonymous_20)
FNDA:0,(anonymous_21)
FNDA:0,(anonymous_22)
FNDA:0,(anonymous_23)
FNDA:0,(anonymous_24)
FNDA:0,(anonymous_25)
FNDA:0,(anonymous_26)
FNDA:0,(anonymous_27)
FNDA:0,(anonymous_28)
FNDA:0,(anonymous_29)
FNDA:0,(anonymous_30)
FNDA:0,(anonymous_31)
FNDA:0,(anonymous_32)
FNDA:0,(anonymous_33)
DA:45,0
DA:58,0
DA:59,0
DA:60,0
DA:61,0
DA:62,0
DA:63,0
DA:64,0
DA:65,0
DA:66,0
DA:76,0
DA:84,0
DA:87,0
DA:88,0
DA:89,0
DA:91,0
DA:92,0
DA:99,0
DA:102,0
DA:103,0
DA:104,0
DA:109,0
DA:110,0
DA:111,0
DA:115,0
DA:116,0
DA:117,0
DA:118,0
DA:119,0
DA:120,0
DA:121,0
DA:123,0
DA:126,0
DA:131,0
DA:133,0
DA:137,0
DA:138,0
DA:141,0
DA:142,0
DA:145,0
DA:150,0
DA:151,0
DA:154,0
DA:155,0
DA:156,0
DA:159,0
DA:161,0
DA:162,0
DA:163,0
DA:166,0
DA:167,0
DA:168,0
DA:170,0
DA:190,0
DA:192,0
DA:194,0
DA:195,0
DA:196,0
DA:197,0
DA:198,0
DA:200,0
DA:201,0
DA:202,0
DA:203,0
DA:204,0
DA:207,0
DA:277,0
DA:299,0
DA:334,0
DA:357,0
DA:390,0
DA:392,0
DA:436,0
DA:437,0
DA:440,0
DA:479,0
DA:480,0
DA:483,0
DA:554,0
LF:79
LH:0
BRDA:59,0,0,0
BRDA:59,0,1,0
BRDA:60,1,0,0
BRDA:60,1,1,0
BRDA:61,2,0,0
BRDA:61,2,1,0
BRDA:62,3,0,0
BRDA:62,3,1,0
BRDA:63,4,0,0
BRDA:63,4,1,0
BRDA:64,5,0,0
BRDA:64,5,1,0
BRDA:65,6,0,0
BRDA:65,6,1,0
BRDA:103,7,0,0
BRDA:103,7,1,0
BRDA:110,8,0,0
BRDA:110,8,1,0
BRDA:110,9,0,0
BRDA:110,9,1,0
BRDA:119,10,0,0
BRDA:119,10,1,0
BRDA:144,11,0,0
BRDA:144,11,1,0
BRDA:163,12,0,0
BRDA:163,12,1,0
BRDA:180,13,0,0
BRDA:180,13,1,0
BRDA:194,14,0,0
BRDA:194,14,1,0
BRDA:195,15,0,0
BRDA:195,15,1,0
BRDA:198,16,0,0
BRDA:198,16,1,0
BRDA:204,17,0,0
BRDA:204,17,1,0
BRDA:220,18,0,0
BRDA:220,18,1,0
BRDA:232,19,0,0
BRDA:232,19,1,0
BRDA:260,20,0,0
BRDA:260,20,1,0
BRDA:316,21,0,0
BRDA:316,21,1,0
BRDA:375,22,0,0
BRDA:375,22,1,0
BRDA:377,23,0,0
BRDA:377,23,1,0
BRDA:384,24,0,0
BRDA:384,24,1,0
BRDA:397,25,0,0
BRDA:397,25,1,0
BRDA:399,26,0,0
BRDA:399,26,1,0
BRDA:410,27,0,0
BRDA:410,27,1,0
BRDA:432,28,0,0
BRDA:432,28,1,0
BRDA:443,29,0,0
BRDA:443,29,1,0
BRDA:446,30,0,0
BRDA:446,30,1,0
BRDA:452,31,0,0
BRDA:452,31,1,0
BRDA:457,32,0,0
BRDA:457,32,1,0
BRDA:476,33,0,0
BRDA:476,33,1,0
BRDA:487,34,0,0
BRDA:487,34,1,0
BRDA:490,35,0,0
BRDA:490,35,1,0
BRDA:498,36,0,0
BRDA:498,36,1,0
BRDA:499,37,0,0
BRDA:499,37,1,0
BRDA:503,38,0,0
BRDA:503,38,1,0
BRDA:508,39,0,0
BRDA:508,39,1,0
BRDA:545,40,0,0
BRDA:545,40,1,0
BRF:82
BRH:0
end_of_record
TN:
SF:src/components/SettingsUI.tsx
FN:9,SettingsSectionLabel
FN:16,SettingsGroup
FN:22,(anonymous_2)
FN:36,SettingsRow
FNF:4
FNH:4
FNDA:2,SettingsSectionLabel
FNDA:4,SettingsGroup
FNDA:5,(anonymous_2)
FNDA:15,SettingsRow
DA:10,2
DA:17,4
DA:18,4
DA:23,5
DA:36,1
DA:73,15
DA:74,15
DA:77,15
DA:108,15
DA:109,2
DA:122,13
DA:125,1
LF:12
LH:12
BRDA:17,0,0,2
BRDA:17,0,1,2
BRDA:17,1,0,2
BRDA:17,1,1,0
BRDA:20,2,0,1
BRDA:20,2,1,3
BRDA:25,3,0,5
BRDA:25,3,1,1
BRDA:44,4,0,15
BRDA:73,5,0,1
BRDA:73,5,1,14
BRDA:73,6,0,1
BRDA:73,6,1,1
BRDA:74,7,0,15
BRDA:74,7,1,15
BRDA:78,8,0,15
BRDA:78,8,1,1
BRDA:87,9,0,1
BRDA:87,9,1,14
BRDA:89,10,0,1
BRDA:89,10,1,14
BRDA:90,11,0,15
BRDA:90,11,1,2
BRDA:90,11,2,2
BRDA:98,12,0,2
BRDA:98,12,1,2
BRDA:102,13,0,15
BRDA:102,13,1,15
BRDA:102,13,2,13
BRDA:102,13,3,12
BRDA:102,13,4,12
BRDA:108,14,0,2
BRDA:108,14,1,13
BRDA:108,15,0,15
BRDA:108,15,1,2
BRDA:113,16,0,2
BRDA:113,16,1,2
BRDA:114,17,0,2
BRDA:114,17,1,1
BRF:39
BRH:38
end_of_record
TN:
SF:src/components/SkeletonLoaders.tsx
FN:11,FadeIn
FN:15,(anonymous_1)
FN:25,useShimmer
FN:28,(anonymous_3)
FN:41,(anonymous_4)
FN:47,MessageListSkeleton
FN:52,(anonymous_6)
FN:67,ProfileSkeleton
FN:76,(anonymous_8)
FN:86,SearchSkeleton
FN:91,(anonymous_10)
FN:105,PostCardSkeleton
FN:125,SectionSkeleton
FN:130,(anonymous_13)
FN:176,PostDetailSkeleton
FN:195,(anonymous_15)
FN:220,EventCardSkeleton
FN:245,(anonymous_17)
FN:255,TableCardSkeleton
FN:271,(anonymous_19)
FN:280,EventDetailSkeleton
FN:312,(anonymous_21)
FN:323,FeedLoadMoreSkeleton
FN:328,(anonymous_23)
FN:349,PublicProfileSkeleton
FN:360,(anonymous_25)
FN:374,(anonymous_26)
FN:398,BookingDetailSkeleton
FN:418,(anonymous_28)
FNF:29
FNH:0
FNDA:0,FadeIn
FNDA:0,(anonymous_1)
FNDA:0,useShimmer
FNDA:0,(anonymous_3)
FNDA:0,(anonymous_4)
FNDA:0,MessageListSkeleton
FNDA:0,(anonymous_6)
FNDA:0,ProfileSkeleton
FNDA:0,(anonymous_8)
FNDA:0,SearchSkeleton
FNDA:0,(anonymous_10)
FNDA:0,PostCardSkeleton
FNDA:0,SectionSkeleton
FNDA:0,(anonymous_13)
FNDA:0,PostDetailSkeleton
FNDA:0,(anonymous_15)
FNDA:0,EventCardSkeleton
FNDA:0,(anonymous_17)
FNDA:0,TableCardSkeleton
FNDA:0,(anonymous_19)
FNDA:0,EventDetailSkeleton
FNDA:0,(anonymous_21)
FNDA:0,FeedLoadMoreSkeleton
FNDA:0,(anonymous_23)
FNDA:0,PublicProfileSkeleton
FNDA:0,(anonymous_25)
FNDA:0,(anonymous_26)
FNDA:0,BookingDetailSkeleton
FNDA:0,(anonymous_28)
DA:12,0
DA:13,0
DA:14,0
DA:15,0
DA:16,0
DA:17,0
DA:22,0
DA:26,0
DA:27,0
DA:28,0
DA:30,0
DA:31,0
DA:32,0
DA:34,0
DA:40,0
DA:41,0
DA:43,0
DA:48,0
DA:49,0
DA:50,0
DA:53,0
DA:68,0
DA:69,0
DA:70,0
DA:77,0
DA:87,0
DA:88,0
DA:89,0
DA:92,0
DA:106,0
DA:107,0
DA:108,0
DA:126,0
DA:127,0
DA:128,0
DA:131,0
DA:145,0
DA:163,0
DA:177,0
DA:178,0
DA:179,0
DA:196,0
DA:212,0
DA:221,0
DA:222,0
DA:223,0
DA:246,0
DA:256,0
DA:257,0
DA:258,0
DA:272,0
DA:281,0
DA:282,0
DA:283,0
DA:313,0
DA:324,0
DA:325,0
DA:326,0
DA:329,0
DA:341,0
DA:350,0
DA:351,0
DA:352,0
DA:361,0
DA:375,0
DA:385,0
DA:399,0
DA:400,0
DA:401,0
DA:419,0
DA:430,0
DA:437,0
LF:72
LH:0
BRDA:11,0,0,0
BRDA:16,1,0,0
BRDA:16,1,1,0
BRDA:30,2,0,0
BRDA:30,2,1,0
BRDA:125,3,0,0
BRDA:246,4,0,0
BRDA:246,4,1,0
BRF:8
BRH:0
end_of_record
TN:
SF:src/components/StarRating.tsx
FN:12,StarRating
FN:17,(anonymous_1)
FN:20,(anonymous_2)
FN:23,(anonymous_3)
FNF:4
FNH:0
FNDA:0,StarRating
FNDA:0,(anonymous_1)
FNDA:0,(anonymous_2)
FNDA:0,(anonymous_3)
DA:13,0
DA:14,0
DA:15,0
DA:18,0
DA:20,0
DA:23,0
LF:6
LH:0
BRDA:12,0,0,0
BRDA:12,1,0,0
BRDA:14,2,0,0
BRDA:14,2,1,0
BRDA:22,3,0,0
BRDA:22,3,1,0
BRDA:24,4,0,0
BRDA:24,4,1,0
BRDA:25,5,0,0
BRDA:25,5,1,0
BRDA:25,6,0,0
BRDA:25,6,1,0
BRDA:27,7,0,0
BRDA:27,7,1,0
BRDA:28,8,0,0
BRDA:28,8,1,0
BRDA:30,9,0,0
BRDA:30,9,1,0
BRDA:30,10,0,0
BRDA:30,10,1,0
BRDA:30,11,0,0
BRDA:30,11,1,0
BRF:22
BRH:0
end_of_record
TN:
SF:src/components/TableCard.tsx
FN:18,TableCard
FN:34,(anonymous_1)
FN:38,(anonymous_2)
FN:46,(anonymous_3)
FN:85,(anonymous_4)
FN:101,(anonymous_5)
FNF:6
FNH:0
FNDA:0,TableCard
FNDA:0,(anonymous_1)
FNDA:0,(anonymous_2)
FNDA:0,(anonymous_3)
FNDA:0,(anonymous_4)
FNDA:0,(anonymous_5)
DA:18,0
DA:19,0
DA:20,0
DA:21,0
DA:22,0
DA:23,0
DA:24,0
DA:25,0
DA:26,0
DA:30,0
DA:31,0
DA:32,0
DA:34,0
DA:35,0
DA:38,0
DA:39,0
DA:40,0
DA:43,0
DA:46,0
DA:86,0
DA:101,0
DA:124,0
LF:22
LH:0
BRDA:26,0,0,0
BRDA:26,0,1,0
BRDA:27,1,0,0
BRDA:27,1,1,0
BRDA:28,2,0,0
BRDA:28,2,1,0
BRDA:31,3,0,0
BRDA:31,3,1,0
BRDA:32,4,0,0
BRDA:32,4,1,0
BRDA:49,5,0,0
BRDA:49,5,1,0
BRDA:49,5,2,0
BRDA:50,6,0,0
BRDA:50,6,1,0
BRDA:50,7,0,0
BRDA:50,7,1,0
BRDA:53,8,0,0
BRDA:53,8,1,0
BRDA:53,9,0,0
BRDA:53,9,1,0
BRDA:53,9,2,0
BRDA:72,10,0,0
BRDA:72,10,1,0
BRDA:90,11,0,0
BRDA:90,11,1,0
BRDA:90,11,2,0
BRDA:90,11,3,0
BRDA:98,12,0,0
BRDA:98,12,1,0
BRDA:98,12,2,0
BRDA:98,12,3,0
BRDA:104,13,0,0
BRDA:104,13,1,0
BRDA:115,14,0,0
BRDA:115,14,1,0
BRDA:115,14,2,0
BRF:37
BRH:0
end_of_record
TN:
SF:src/components/TackBirdLogo.tsx
FN:8,TackBirdLogo
FNF:1
FNH:0
FNDA:0,TackBirdLogo
DA:9,0
LF:1
LH:0
BRDA:8,0,0,0
BRDA:8,1,0,0
BRF:2
BRH:0
end_of_record
TN:
SF:src/components/Toast.tsx
FN:39,ToastProvider
FN:44,(anonymous_1)
FN:49,(anonymous_2)
FN:50,(anonymous_3)
FN:54,(anonymous_4)
FN:60,(anonymous_5)
FN:60,(anonymous_6)
FN:72,ToastDisplay
FN:83,(anonymous_8)
FN:87,(anonymous_9)
FN:98,(anonymous_10)
FN:163,useToast
FN:168,(anonymous_12)
FNF:13
FNH:12
FNDA:29,ToastProvider
FNDA:14,(anonymous_1)
FNDA:2,(anonymous_2)
FNDA:2,(anonymous_3)
FNDA:1,(anonymous_4)
FNDA:13,(anonymous_5)
FNDA:13,(anonymous_6)
FNDA:45,ToastDisplay
FNDA:29,(anonymous_8)
FNDA:29,(anonymous_9)
FNDA:0,(anonymous_10)
FNDA:30,useToast
FNDA:1,(anonymous_12)
DA:37,1
DA:40,29
DA:41,29
DA:42,29
DA:44,29
DA:45,14
DA:46,14
DA:47,14
DA:48,14
DA:49,14
DA:50,2
DA:54,29
DA:55,1
DA:56,1
DA:60,29
DA:61,13
DA:64,29
DA:73,45
DA:74,45
DA:75,45
DA:76,45
DA:77,45
DA:78,45
DA:82,45
DA:83,45
DA:84,29
DA:87,45
DA:88,29
DA:89,16
DA:90,16
DA:91,16
DA:92,16
DA:93,16
DA:95,0
DA:100,0
DA:102,0
DA:104,13
DA:105,13
DA:106,13
DA:107,13
DA:109,0
DA:115,45
DA:117,16
DA:119,16
DA:123,16
DA:127,16
DA:164,30
DA:165,30
DA:168,1
DA:170,29
DA:173,1
LF:51
LH:47
BRDA:45,0,0,1
BRDA:45,0,1,13
BRDA:48,1,0,14
BRDA:48,1,1,12
BRDA:50,2,0,2
BRDA:50,2,1,0
BRDA:55,3,0,1
BRDA:55,3,1,0
BRDA:61,4,0,13
BRDA:61,4,1,0
BRDA:84,5,0,13
BRDA:84,5,1,16
BRDA:88,6,0,16
BRDA:88,6,1,13
BRDA:89,7,0,16
BRDA:89,7,1,0
BRDA:100,8,0,0
BRDA:100,8,1,0
BRDA:104,9,0,13
BRDA:104,9,1,0
BRDA:115,10,0,29
BRDA:115,10,1,16
BRDA:117,11,0,16
BRDA:117,11,1,1
BRDA:119,12,0,10
BRDA:119,12,1,6
BRDA:120,13,0,2
BRDA:120,13,1,4
BRDA:123,14,0,10
BRDA:123,14,1,6
BRDA:124,15,0,2
BRDA:124,15,1,4
BRDA:139,16,0,0
BRDA:139,16,1,16
BRDA:140,17,0,0
BRDA:140,17,1,16
BRDA:165,18,0,1
BRDA:165,18,1,29
BRF:38
BRH:29
end_of_record
TN:
SF:src/components/TrustBadge.tsx
FN:25,TrustBadge
FN:51,(anonymous_1)
FN:67,(anonymous_2)
FN:69,(anonymous_3)
FN:70,(anonymous_4)
FN:74,(anonymous_5)
FN:81,(anonymous_6)
FN:143,getScoreColor
FN:149,TrustProgress
FN:193,(anonymous_9)
FNF:10
FNH:0
FNDA:0,TrustBadge
FNDA:0,(anonymous_1)
FNDA:0,(anonymous_2)
FNDA:0,(anonymous_3)
FNDA:0,(anonymous_4)
FNDA:0,(anonymous_5)
FNDA:0,(anonymous_6)
FNDA:0,getScoreColor
FNDA:0,TrustProgress
FNDA:0,(anonymous_9)
DA:11,0
DA:26,0
DA:27,0
DA:28,0
DA:29,0
DA:30,0
DA:32,0
DA:33,0
DA:35,0
DA:38,0
DA:51,0
DA:53,0
DA:54,0
DA:56,0
DA:67,0
DA:69,0
DA:74,0
DA:82,0
DA:83,0
DA:84,0
DA:85,0
DA:144,0
DA:145,0
DA:146,0
DA:150,0
DA:151,0
DA:153,0
DA:155,0
DA:194,0
DA:218,0
LF:30
LH:0
BRDA:25,0,0,0
BRDA:25,1,0,0
BRDA:25,2,0,0
BRDA:32,3,0,0
BRDA:32,3,1,0
BRDA:32,4,0,0
BRDA:32,4,1,0
BRDA:33,5,0,0
BRDA:33,5,1,0
BRDA:33,6,0,0
BRDA:33,6,1,0
BRDA:35,7,0,0
BRDA:35,7,1,0
BRDA:35,8,0,0
BRDA:35,8,1,0
BRDA:38,9,0,0
BRDA:38,9,1,0
BRDA:40,10,0,0
BRDA:40,10,1,0
BRDA:45,11,0,0
BRDA:45,11,1,0
BRDA:51,12,0,0
BRDA:51,12,1,0
BRDA:51,13,0,0
BRDA:51,13,1,0
BRDA:53,14,0,0
BRDA:53,14,1,0
BRDA:54,15,0,0
BRDA:54,15,1,0
BRDA:58,16,0,0
BRDA:58,16,1,0
BRDA:62,17,0,0
BRDA:62,17,1,0
BRDA:90,18,0,0
BRDA:90,18,1,0
BRDA:91,19,0,0
BRDA:91,19,1,0
BRDA:96,20,0,0
BRDA:96,20,1,0
BRDA:104,21,0,0
BRDA:104,21,1,0
BRDA:107,22,0,0
BRDA:107,22,1,0
BRDA:113,23,0,0
BRDA:113,23,1,0
BRDA:144,24,0,0
BRDA:144,24,1,0
BRDA:145,25,0,0
BRDA:145,25,1,0
BRDA:149,26,0,0
BRDA:149,27,0,0
BRDA:181,28,0,0
BRDA:181,28,1,0
BRDA:191,29,0,0
BRDA:191,29,1,0
BRDA:206,30,0,0
BRDA:206,30,1,0
BRDA:206,30,2,0
BRF:58
BRH:0
end_of_record
TN:
SF:src/components/TrustGate.tsx
FN:20,TrustGateModal
FN:35,(anonymous_1)
FN:82,(anonymous_2)
FNF:3
FNH:0
FNDA:0,TrustGateModal
FNDA:0,(anonymous_1)
FNDA:0,(anonymous_2)
DA:28,0
DA:29,0
DA:30,0
DA:32,0
DA:35,0
DA:82,0
DA:97,0
LF:7
LH:0
BRDA:64,0,0,0
BRDA:64,0,1,0
BRDA:64,0,2,0
BRDA:72,1,0,0
BRDA:72,1,1,0
BRDA:81,2,0,0
BRDA:81,2,1,0
BRDA:81,2,2,0
BRF:8
BRH:0
end_of_record
TN:
SF:src/components/UnsupportedAreaScreen.tsx
FN:29,UnsupportedAreaScreen
FN:48,(anonymous_1)
FN:51,loadEmail
FN:62,(anonymous_3)
FN:67,handleJoinWaitlist
FN:186,(anonymous_5)
FN:211,(anonymous_6)
FNF:7
FNH:0
FNDA:0,UnsupportedAreaScreen
FNDA:0,(anonymous_1)
FNDA:0,loadEmail
FNDA:0,(anonymous_3)
FNDA:0,handleJoinWaitlist
FNDA:0,(anonymous_5)
FNDA:0,(anonymous_6)
DA:37,0
DA:38,0
DA:39,0
DA:40,0
DA:42,0
DA:43,0
DA:44,0
DA:45,0
DA:48,0
DA:49,0
DA:50,0
DA:52,0
DA:53,0
DA:54,0
DA:55,0
DA:61,0
DA:62,0
DA:65,0
DA:68,0
DA:69,0
DA:70,0
DA:73,0
DA:75,0
DA:76,0
DA:77,0
DA:83,0
DA:87,0
DA:89,0
DA:93,0
DA:186,0
DA:211,0
DA:238,0
LF:32
LH:0
BRDA:49,0,0,0
BRDA:49,0,1,0
BRDA:54,1,0,0
BRDA:54,1,1,0
BRDA:54,2,0,0
BRDA:54,2,1,0
BRDA:68,3,0,0
BRDA:68,3,1,0
BRDA:73,4,0,0
BRDA:73,4,1,0
BRDA:73,5,0,0
BRDA:73,5,1,0
BRDA:96,6,0,0
BRDA:96,6,1,0
BRDA:120,7,0,0
BRDA:120,7,1,0
BRDA:125,8,0,0
BRDA:125,8,1,0
BRDA:126,9,0,0
BRDA:126,9,1,0
BRDA:126,9,2,0
BRDA:151,10,0,0
BRDA:151,10,1,0
BRDA:161,11,0,0
BRDA:161,11,1,0
BRDA:190,12,0,0
BRDA:190,12,1,0
BRDA:190,13,0,0
BRDA:190,13,1,0
BRDA:194,14,0,0
BRDA:194,14,1,0
BRDA:214,15,0,0
BRDA:214,15,1,0
BRDA:228,16,0,0
BRDA:228,16,1,0
BRF:35
BRH:0
end_of_record
TN:
SF:src/components/VerificationModal.tsx
FN:30,VerificationModal
FN:44,(anonymous_1)
FN:62,(anonymous_2)
FNF:3
FNH:0
FNDA:0,VerificationModal
FNDA:0,(anonymous_1)
FNDA:0,(anonymous_2)
DA:10,0
DA:12,0
DA:30,0
DA:31,0
DA:32,0
DA:35,0
DA:36,0
DA:37,0
DA:38,0
DA:40,0
DA:41,0
DA:44,0
DA:59,0
DA:62,0
DA:145,0
LF:15
LH:0
BRDA:35,0,0,0
BRDA:35,0,1,0
BRDA:36,1,0,0
BRDA:36,1,1,0
BRDA:37,2,0,0
BRDA:37,2,1,0
BRDA:38,3,0,0
BRDA:38,3,1,0
BRDA:38,4,0,0
BRDA:38,4,1,0
BRDA:40,5,0,0
BRDA:40,5,1,0
BRDA:115,6,0,0
BRDA:115,6,1,0
BRDA:117,7,0,0
BRDA:117,7,1,0
BRDA:124,8,0,0
BRDA:124,8,1,0
BRDA:126,9,0,0
BRDA:126,9,1,0
BRF:20
BRH:0
end_of_record
TN:
SF:src/components/WeeklyPopularCarousel.tsx
FN:78,WeeklyPopularCarousel
FN:96,(anonymous_1)
FN:103,(anonymous_2)
FN:109,(anonymous_3)
FN:127,(anonymous_4)
FN:133,(anonymous_5)
FN:147,(anonymous_6)
FN:162,(anonymous_7)
FN:173,(anonymous_8)
FN:180,(anonymous_9)
FN:191,(anonymous_10)
FN:235,(anonymous_11)
FN:244,(anonymous_12)
FN:323,(anonymous_13)
FNF:14
FNH:0
FNDA:0,WeeklyPopularCarousel
FNDA:0,(anonymous_1)
FNDA:0,(anonymous_2)
FNDA:0,(anonymous_3)
FNDA:0,(anonymous_4)
FNDA:0,(anonymous_5)
FNDA:0,(anonymous_6)
FNDA:0,(anonymous_7)
FNDA:0,(anonymous_8)
FNDA:0,(anonymous_9)
FNDA:0,(anonymous_10)
FNDA:0,(anonymous_11)
FNDA:0,(anonymous_12)
FNDA:0,(anonymous_13)
DA:66,0
DA:67,0
DA:68,0
DA:78,0
DA:83,0
DA:84,0
DA:85,0
DA:86,0
DA:88,0
DA:89,0
DA:91,0
DA:92,0
DA:96,0
DA:97,0
DA:98,0
DA:99,0
DA:102,0
DA:104,0
DA:105,0
DA:106,0
DA:107,0
DA:110,0
DA:111,0
DA:112,0
DA:126,0
DA:128,0
DA:129,0
DA:130,0
DA:131,0
DA:133,0
DA:146,0
DA:147,0
DA:148,0
DA:149,0
DA:150,0
DA:151,0
DA:153,0
DA:156,0
DA:161,0
DA:163,0
DA:164,0
DA:165,0
DA:172,0
DA:174,0
DA:175,0
DA:176,0
DA:177,0
DA:178,0
DA:179,0
DA:180,0
DA:190,0
DA:192,0
DA:193,0
DA:194,0
DA:195,0
DA:196,0
DA:197,0
DA:204,0
DA:206,0
DA:237,0
DA:241,0
DA:244,0
DA:324,0
DA:344,0
LF:64
LH:0
BRDA:104,0,0,0
BRDA:104,0,1,0
BRDA:106,1,0,0
BRDA:106,1,1,0
BRDA:107,2,0,0
BRDA:107,2,1,0
BRDA:110,3,0,0
BRDA:110,3,1,0
BRDA:110,4,0,0
BRDA:110,4,1,0
BRDA:111,5,0,0
BRDA:111,5,1,0
BRDA:111,5,2,0
BRDA:111,5,3,0
BRDA:128,6,0,0
BRDA:128,6,1,0
BRDA:130,7,0,0
BRDA:130,7,1,0
BRDA:131,8,0,0
BRDA:131,8,1,0
BRDA:142,9,0,0
BRDA:142,9,1,0
BRDA:148,10,0,0
BRDA:148,10,1,0
BRDA:148,11,0,0
BRDA:148,11,1,0
BRDA:149,12,0,0
BRDA:149,12,1,0
BRDA:149,13,0,0
BRDA:149,13,1,0
BRDA:150,14,0,0
BRDA:150,14,1,0
BRDA:150,15,0,0
BRDA:150,15,1,0
BRDA:174,16,0,0
BRDA:174,16,1,0
BRDA:176,17,0,0
BRDA:176,17,1,0
BRDA:179,18,0,0
BRDA:179,18,1,0
BRDA:179,19,0,0
BRDA:179,19,1,0
BRDA:180,20,0,0
BRDA:180,20,1,0
BRDA:192,21,0,0
BRDA:192,21,1,0
BRDA:192,22,0,0
BRDA:192,22,1,0
BRDA:204,23,0,0
BRDA:204,23,1,0
BRDA:237,24,0,0
BRDA:237,24,1,0
BRDA:249,25,0,0
BRDA:249,25,1,0
BRDA:254,26,0,0
BRDA:254,26,1,0
BRDA:258,27,0,0
BRDA:258,27,1,0
BRDA:262,28,0,0
BRDA:262,28,1,0
BRDA:276,29,0,0
BRDA:276,29,1,0
BRDA:283,30,0,0
BRDA:283,30,1,0
BRDA:283,30,2,0
BRDA:306,31,0,0
BRDA:306,31,1,0
BRDA:321,32,0,0
BRDA:321,32,1,0
BRDA:330,33,0,0
BRDA:330,33,1,0
BRDA:332,34,0,0
BRDA:332,34,1,0
BRF:73
BRH:0
end_of_record
TN:
SF:src/components/forum/ForumCreateModal.tsx
FN:42,ForumCreateModalInner
FN:57,(anonymous_1)
FN:106,(anonymous_2)
FN:111,(anonymous_3)
FNF:4
FNH:0
FNDA:0,ForumCreateModalInner
FNDA:0,(anonymous_1)
FNDA:0,(anonymous_2)
FNDA:0,(anonymous_3)
DA:21,0
DA:54,0
DA:55,0
DA:57,0
DA:58,0
DA:59,0
DA:62,0
DA:107,0
DA:108,0
DA:111,0
DA:165,0
DA:167,0
LF:12
LH:0
BRDA:58,0,0,0
BRDA:58,0,1,0
BRDA:70,1,0,0
BRDA:70,1,1,0
BRDA:84,2,0,0
BRDA:84,2,1,0
BRDA:86,3,0,0
BRDA:86,3,1,0
BRDA:114,4,0,0
BRDA:114,4,1,0
BRDA:116,5,0,0
BRDA:116,5,1,0
BRDA:121,6,0,0
BRDA:121,6,1,0
BRDA:122,7,0,0
BRDA:122,7,1,0
BRF:16
BRH:0
end_of_record
TN:
SF:src/components/forum/ForumPostCard.tsx
FN:60,ForumPostCardInner
FN:76,(anonymous_1)
FN:88,(anonymous_2)
FN:98,(anonymous_3)
FN:130,(anonymous_4)
FN:143,(anonymous_5)
FN:162,(anonymous_6)
FN:171,(anonymous_7)
FN:178,(anonymous_8)
FN:188,(anonymous_9)
FNF:10
FNH:0
FNDA:0,ForumPostCardInner
FNDA:0,(anonymous_1)
FNDA:0,(anonymous_2)
FNDA:0,(anonymous_3)
FNDA:0,(anonymous_4)
FNDA:0,(anonymous_5)
FNDA:0,(anonymous_6)
FNDA:0,(anonymous_7)
FNDA:0,(anonymous_8)
FNDA:0,(anonymous_9)
DA:71,0
DA:72,0
DA:73,0
DA:74,0
DA:76,0
DA:77,0
DA:78,0
DA:79,0
DA:80,0
DA:81,0
DA:82,0
DA:86,0
DA:88,0
DA:98,0
DA:130,0
DA:143,0
DA:162,0
DA:171,0
DA:178,0
DA:188,0
DA:202,0
DA:204,0
LF:22
LH:0
BRDA:73,0,0,0
BRDA:73,0,1,0
BRDA:77,1,0,0
BRDA:77,1,1,0
BRDA:77,1,2,0
BRDA:77,1,3,0
BRDA:77,1,4,0
BRDA:98,2,0,0
BRDA:98,2,1,0
BRDA:98,3,0,0
BRDA:98,3,1,0
BRDA:99,4,0,0
BRDA:99,4,1,0
BRDA:105,5,0,0
BRDA:105,5,1,0
BRDA:108,6,0,0
BRDA:108,6,1,0
BRDA:144,7,0,0
BRDA:144,7,1,0
BRDA:149,8,0,0
BRDA:149,8,1,0
BRDA:150,9,0,0
BRDA:150,9,1,0
BRDA:152,10,0,0
BRDA:152,10,1,0
BRDA:152,10,2,0
BRDA:155,11,0,0
BRDA:155,11,1,0
BRDA:156,12,0,0
BRDA:156,12,1,0
BRDA:165,13,0,0
BRDA:165,13,1,0
BRDA:168,14,0,0
BRDA:168,14,1,0
BRDA:186,15,0,0
BRDA:186,15,1,0
BRDA:186,15,2,0
BRDA:186,15,3,0
BRF:38
BRH:0
end_of_record
TN:
SF:src/components/forum/ForumThreadView.tsx
FN:36,(anonymous_0)
FN:38,ForumThreadViewInner
FN:60,(anonymous_2)
FN:62,(anonymous_3)
FN:72,(anonymous_4)
FN:90,(anonymous_5)
FN:102,(anonymous_6)
FN:147,(anonymous_7)
FN:194,(anonymous_8)
FN:254,(anonymous_9)
FNF:10
FNH:0
FNDA:0,(anonymous_0)
FNDA:0,ForumThreadViewInner
FNDA:0,(anonymous_2)
FNDA:0,(anonymous_3)
FNDA:0,(anonymous_4)
FNDA:0,(anonymous_5)
FNDA:0,(anonymous_6)
FNDA:0,(anonymous_7)
FNDA:0,(anonymous_8)
FNDA:0,(anonymous_9)
DA:36,0
DA:56,0
DA:57,0
DA:58,0
DA:60,0
DA:62,0
DA:63,0
DA:64,0
DA:65,0
DA:66,0
DA:67,0
DA:68,0
DA:72,0
DA:73,0
DA:74,0
DA:76,0
DA:90,0
DA:102,0
DA:123,0
DA:124,0
DA:126,0
DA:147,0
DA:194,0
DA:254,0
DA:276,0
DA:278,0
LF:26
LH:0
BRDA:60,0,0,0
BRDA:60,0,1,0
BRDA:63,1,0,0
BRDA:63,1,1,0
BRDA:63,1,2,0
BRDA:63,1,3,0
BRDA:63,1,4,0
BRDA:82,2,0,0
BRDA:82,2,1,0
BRDA:88,3,0,0
BRDA:88,3,1,0
BRDA:103,4,0,0
BRDA:103,4,1,0
BRDA:108,5,0,0
BRDA:108,5,1,0
BRDA:109,6,0,0
BRDA:109,6,1,0
BRDA:113,7,0,0
BRDA:113,7,1,0
BRDA:114,8,0,0
BRDA:114,8,1,0
BRDA:128,9,0,0
BRDA:128,9,1,0
BRDA:129,10,0,0
BRDA:129,10,1,0
BRDA:158,11,0,0
BRDA:158,11,1,0
BRDA:161,12,0,0
BRDA:161,12,1,0
BRDA:197,13,0,0
BRDA:197,13,1,0
BRDA:203,14,0,0
BRDA:203,14,1,0
BRDA:204,15,0,0
BRDA:204,15,1,0
BRDA:208,16,0,0
BRDA:208,16,1,0
BRDA:225,17,0,0
BRDA:225,17,1,0
BRDA:225,17,2,0
BRDA:228,18,0,0
BRDA:228,18,1,0
BRDA:232,19,0,0
BRDA:232,19,1,0
BRDA:242,20,0,0
BRDA:242,20,1,0
BRDA:255,21,0,0
BRDA:255,21,1,0
BRDA:259,22,0,0
BRDA:259,22,1,0
BRDA:260,23,0,0
BRDA:260,23,1,0
BRDA:264,24,0,0
BRDA:264,24,1,0
BRDA:267,25,0,0
BRDA:267,25,1,0
BRF:56
BRH:0
end_of_record
TN:
SF:src/components/groups/GroupCommentList.tsx
FN:26,GroupCommentListInner
FN:45,(anonymous_1)
FN:55,(anonymous_2)
FN:87,(anonymous_3)
FNF:4
FNH:0
FNDA:0,GroupCommentListInner
FNDA:0,(anonymous_1)
FNDA:0,(anonymous_2)
FNDA:0,(anonymous_3)
DA:37,0
DA:38,0
DA:40,0
DA:46,0
DA:55,0
DA:87,0
DA:101,0
DA:103,0
LF:8
LH:0
BRDA:42,0,0,0
BRDA:42,0,1,0
BRDA:51,1,0,0
BRDA:51,1,1,0
BRDA:53,2,0,0
BRDA:53,2,1,0
BRDA:86,3,0,0
BRDA:86,3,1,0
BRDA:88,4,0,0
BRDA:88,4,1,0
BRDA:90,5,0,0
BRDA:90,5,1,0
BRF:12
BRH:0
end_of_record
TN:
SF:src/components/groups/GroupEditModal.tsx
FN:22,GroupEditModalInner
FN:40,(anonymous_1)
FN:49,(anonymous_2)
FN:108,(anonymous_3)
FN:116,(anonymous_4)
FNF:5
FNH:0
FNDA:0,GroupEditModalInner
FNDA:0,(anonymous_1)
FNDA:0,(anonymous_2)
FNDA:0,(anonymous_3)
FNDA:0,(anonymous_4)
DA:30,0
DA:31,0
DA:32,0
DA:34,0
DA:35,0
DA:36,0
DA:37,0
DA:40,0
DA:41,0
DA:42,0
DA:43,0
DA:44,0
DA:45,0
DA:49,0
DA:50,0
DA:51,0
DA:59,0
DA:108,0
DA:116,0
DA:157,0
DA:159,0
LF:21
LH:0
BRDA:35,0,0,0
BRDA:35,0,1,0
BRDA:36,1,0,0
BRDA:36,1,1,0
BRDA:41,2,0,0
BRDA:41,2,1,0
BRDA:43,3,0,0
BRDA:43,3,1,0
BRDA:44,4,0,0
BRDA:44,4,1,0
BRDA:50,5,0,0
BRDA:50,5,1,0
BRDA:54,6,0,0
BRDA:54,6,1,0
BRDA:64,7,0,0
BRDA:64,7,1,0
BRDA:109,8,0,0
BRDA:109,8,1,0
BRDA:111,9,0,0
BRDA:111,9,1,0
BRDA:117,10,0,0
BRDA:117,10,1,0
BRDA:119,11,0,0
BRDA:119,11,1,0
BRDA:127,12,0,0
BRDA:127,12,1,0
BRDA:128,13,0,0
BRDA:128,13,1,0
BRDA:128,14,0,0
BRDA:128,14,1,0
BRDA:130,15,0,0
BRDA:130,15,1,0
BRF:32
BRH:0
end_of_record
TN:
SF:src/components/groups/GroupMembersModal.tsx
FN:35,GroupMembersModalInner
FN:67,(anonymous_1)
FN:68,(anonymous_2)
FN:85,(anonymous_3)
FNF:4
FNH:0
FNDA:0,GroupMembersModalInner
FNDA:0,(anonymous_1)
FNDA:0,(anonymous_2)
FNDA:0,(anonymous_3)
DA:45,0
DA:46,0
DA:47,0
DA:49,0
DA:67,0
DA:69,0
DA:85,0
DA:99,0
DA:101,0
LF:9
LH:0
BRDA:55,0,0,0
BRDA:55,0,1,0
BRDA:62,1,0,0
BRDA:62,1,1,0
BRDA:72,2,0,0
BRDA:72,2,1,0
BRDA:75,3,0,0
BRDA:75,3,1,0
BRDA:77,4,0,0
BRDA:77,4,1,0
BRDA:79,5,0,0
BRDA:79,5,1,0
BRDA:81,6,0,0
BRDA:81,6,1,0
BRDA:84,7,0,0
BRDA:84,7,1,0
BRDA:84,7,2,0
BRDA:84,7,3,0
BRF:18
BRH:0
end_of_record
TN:
SF:src/components/groups/GroupPostCard.tsx
FN:67,GroupPostCardInner
FN:98,(anonymous_1)
FN:116,(anonymous_2)
FN:123,(anonymous_3)
FN:133,(anonymous_4)
FN:198,(anonymous_5)
FN:209,(anonymous_6)
FNF:7
FNH:0
FNDA:0,GroupPostCardInner
FNDA:0,(anonymous_1)
FNDA:0,(anonymous_2)
FNDA:0,(anonymous_3)
FNDA:0,(anonymous_4)
FNDA:0,(anonymous_5)
FNDA:0,(anonymous_6)
DA:87,0
DA:88,0
DA:89,0
DA:91,0
DA:98,0
DA:116,0
DA:123,0
DA:133,0
DA:198,0
DA:209,0
DA:228,0
DA:230,0
LF:12
LH:0
BRDA:98,0,0,0
BRDA:98,0,1,0
BRDA:98,1,0,0
BRDA:98,1,1,0
BRDA:99,2,0,0
BRDA:99,2,1,0
BRDA:105,3,0,0
BRDA:105,3,1,0
BRDA:113,4,0,0
BRDA:113,4,1,0
BRDA:131,5,0,0
BRDA:131,5,1,0
BRDA:131,5,2,0
BRDA:131,5,3,0
BRDA:145,6,0,0
BRDA:145,6,1,0
BRDA:160,7,0,0
BRDA:160,7,1,0
BRDA:161,8,0,0
BRDA:161,8,1,0
BRDA:161,9,0,0
BRDA:161,9,1,0
BRDA:163,10,0,0
BRDA:163,10,1,0
BRDA:188,11,0,0
BRDA:188,11,1,0
BRDA:201,12,0,0
BRDA:201,12,1,0
BRDA:202,13,0,0
BRDA:202,13,1,0
BRDA:205,14,0,0
BRDA:205,14,1,0
BRDA:206,15,0,0
BRDA:206,15,1,0
BRDA:212,16,0,0
BRDA:212,16,1,0
BRDA:215,17,0,0
BRDA:215,17,1,0
BRDA:216,18,0,0
BRDA:216,18,1,0
BRF:40
BRH:0
end_of_record
TN:
SF:src/components/illustrations/index.tsx
FN:7,PinIllustration
FN:30,BoardIllustration
FN:57,CityMapIllustration
FNF:3
FNH:0
FNDA:0,PinIllustration
FNDA:0,BoardIllustration
FNDA:0,CityMapIllustration
DA:8,0
DA:9,0
DA:31,0
DA:32,0
DA:33,0
DA:34,0
DA:58,0
DA:59,0
LF:8
LH:0
BRDA:7,0,0,0
BRDA:30,1,0,0
BRDA:57,2,0,0
BRF:3
BRH:0
end_of_record
TN:
SF:src/components/map/DetailModal.tsx
FN:20,DetailModal
FN:53,(anonymous_1)
FN:61,(anonymous_2)
FN:62,(anonymous_3)
FN:66,(anonymous_4)
FN:72,(anonymous_5)
FN:129,(anonymous_6)
FN:146,(anonymous_7)
FN:154,(anonymous_8)
FN:154,(anonymous_9)
FN:175,(anonymous_10)
FN:190,(anonymous_11)
FN:190,(anonymous_12)
FN:201,(anonymous_13)
FN:201,(anonymous_14)
FNF:15
FNH:0
FNDA:0,DetailModal
FNDA:0,(anonymous_1)
FNDA:0,(anonymous_2)
FNDA:0,(anonymous_3)
FNDA:0,(anonymous_4)
FNDA:0,(anonymous_5)
FNDA:0,(anonymous_6)
FNDA:0,(anonymous_7)
FNDA:0,(anonymous_8)
FNDA:0,(anonymous_9)
FNDA:0,(anonymous_10)
FNDA:0,(anonymous_11)
FNDA:0,(anonymous_12)
FNDA:0,(anonymous_13)
FNDA:0,(anonymous_14)
DA:21,0
DA:23,0
DA:31,0
DA:39,0
DA:40,0
DA:41,0
DA:42,0
DA:45,0
DA:46,0
DA:47,0
DA:48,0
DA:49,0
DA:50,0
DA:53,0
DA:54,0
DA:55,0
DA:56,0
DA:61,0
DA:62,0
DA:66,0
DA:67,0
DA:72,0
DA:75,0
DA:130,0
DA:131,0
DA:147,0
DA:148,0
DA:154,0
DA:176,0
DA:177,0
DA:178,0
DA:190,0
DA:201,0
DA:233,0
LF:34
LH:0
BRDA:21,0,0,0
BRDA:21,0,1,0
BRDA:23,1,0,0
BRDA:23,1,1,0
BRDA:25,2,0,0
BRDA:25,2,1,0
BRDA:27,3,0,0
BRDA:27,3,1,0
BRDA:31,4,0,0
BRDA:31,4,1,0
BRDA:33,5,0,0
BRDA:33,5,1,0
BRDA:35,6,0,0
BRDA:35,6,1,0
BRDA:40,7,0,0
BRDA:40,7,1,0
BRDA:42,8,0,0
BRDA:42,8,1,0
BRDA:42,9,0,0
BRDA:42,9,1,0
BRDA:43,10,0,0
BRDA:43,10,1,0
BRDA:43,11,0,0
BRDA:43,11,1,0
BRDA:45,12,0,0
BRDA:45,12,1,0
BRDA:47,13,0,0
BRDA:47,13,1,0
BRDA:49,14,0,0
BRDA:49,14,1,0
BRDA:56,15,0,0
BRDA:56,15,1,0
BRDA:58,16,0,0
BRDA:58,16,1,0
BRDA:67,17,0,0
BRDA:67,17,1,0
BRDA:69,18,0,0
BRDA:69,18,1,0
BRDA:69,19,0,0
BRDA:69,19,1,0
BRDA:72,20,0,0
BRDA:72,20,1,0
BRDA:82,21,0,0
BRDA:82,21,1,0
BRDA:83,22,0,0
BRDA:83,22,1,0
BRDA:84,23,0,0
BRDA:84,23,1,0
BRDA:93,24,0,0
BRDA:93,24,1,0
BRDA:94,25,0,0
BRDA:94,25,1,0
BRDA:102,26,0,0
BRDA:102,26,1,0
BRDA:106,27,0,0
BRDA:106,27,1,0
BRDA:106,28,0,0
BRDA:106,28,1,0
BRDA:115,29,0,0
BRDA:115,29,1,0
BRDA:129,30,0,0
BRDA:129,30,1,0
BRDA:132,31,0,0
BRDA:132,31,1,0
BRDA:133,32,0,0
BRDA:133,32,1,0
BRDA:134,33,0,0
BRDA:134,33,1,0
BRDA:134,34,0,0
BRDA:134,34,1,0
BRDA:141,35,0,0
BRDA:141,35,1,0
BRDA:146,36,0,0
BRDA:146,36,1,0
BRDA:150,37,0,0
BRDA:150,37,1,0
BRDA:153,38,0,0
BRDA:153,38,1,0
BRDA:163,39,0,0
BRDA:163,39,1,0
BRDA:163,39,2,0
BRDA:173,40,0,0
BRDA:173,40,1,0
BRDA:188,41,0,0
BRDA:188,41,1,0
BRDA:188,41,2,0
BRDA:199,42,0,0
BRDA:199,42,1,0
BRDA:199,42,2,0
BRF:89
BRH:0
end_of_record
TN:
SF:src/components/map/EventCard.tsx
FN:18,EventCard
FN:31,(anonymous_1)
FN:46,(anonymous_2)
FNF:3
FNH:0
FNDA:0,EventCard
FNDA:0,(anonymous_1)
FNDA:0,(anonymous_2)
DA:19,0
DA:20,0
DA:22,0
DA:25,0
DA:26,0
DA:27,0
DA:28,0
DA:31,0
DA:32,0
DA:33,0
DA:34,0
DA:35,0
DA:36,0
DA:43,0
DA:46,0
DA:123,0
LF:16
LH:0
BRDA:22,0,0,0
BRDA:22,0,1,0
BRDA:25,1,0,0
BRDA:25,1,1,0
BRDA:26,2,0,0
BRDA:26,2,1,0
BRDA:27,3,0,0
BRDA:27,3,1,0
BRDA:28,4,0,0
BRDA:28,4,1,0
BRDA:32,5,0,0
BRDA:32,5,1,0
BRDA:34,6,0,0
BRDA:34,6,1,0
BRDA:35,7,0,0
BRDA:35,7,1,0
BRDA:35,8,0,0
BRDA:35,8,1,0
BRDA:48,9,0,0
BRDA:48,9,1,0
BRDA:51,10,0,0
BRDA:51,10,1,0
BRDA:58,11,0,0
BRDA:58,11,1,0
BRDA:71,12,0,0
BRDA:71,12,1,0
BRDA:78,13,0,0
BRDA:78,13,1,0
BRDA:84,14,0,0
BRDA:84,14,1,0
BRDA:89,15,0,0
BRDA:89,15,1,0
BRDA:94,16,0,0
BRDA:94,16,1,0
BRDA:99,17,0,0
BRDA:99,17,1,0
BRDA:104,18,0,0
BRDA:104,18,1,0
BRDA:104,18,2,0
BRDA:116,19,0,0
BRDA:116,19,1,0
BRDA:116,20,0,0
BRDA:116,20,1,0
BRF:43
BRH:0
end_of_record
TN:
SF:src/components/map/MapFilters.tsx
FN:23,MapFilters
FN:52,(anonymous_1)
FN:63,(anonymous_2)
FN:74,(anonymous_3)
FN:87,(anonymous_4)
FN:101,(anonymous_5)
FN:113,(anonymous_6)
FN:128,(anonymous_7)
FN:148,(anonymous_8)
FN:161,(anonymous_9)
FNF:10
FNH:0
FNDA:0,MapFilters
FNDA:0,(anonymous_1)
FNDA:0,(anonymous_2)
FNDA:0,(anonymous_3)
FNDA:0,(anonymous_4)
FNDA:0,(anonymous_5)
FNDA:0,(anonymous_6)
FNDA:0,(anonymous_7)
FNDA:0,(anonymous_8)
FNDA:0,(anonymous_9)
DA:37,0
DA:52,0
DA:64,0
DA:74,0
DA:88,0
DA:89,0
DA:90,0
DA:101,0
DA:114,0
DA:115,0
DA:116,0
DA:117,0
DA:128,0
DA:149,0
DA:150,0
DA:161,0
DA:178,0
LF:17
LH:0
BRDA:39,0,0,0
BRDA:39,0,1,0
BRDA:43,1,0,0
BRDA:43,1,1,0
BRDA:43,2,0,0
BRDA:43,2,1,0
BRDA:43,2,2,0
BRDA:58,3,0,0
BRDA:58,3,1,0
BRDA:58,4,0,0
BRDA:58,4,1,0
BRDA:63,5,0,0
BRDA:63,5,1,0
BRDA:69,6,0,0
BRDA:69,6,1,0
BRDA:70,7,0,0
BRDA:70,7,1,0
BRDA:74,8,0,0
BRDA:74,8,1,0
BRDA:79,9,0,0
BRDA:79,9,1,0
BRDA:86,10,0,0
BRDA:86,10,1,0
BRDA:89,11,0,0
BRDA:89,11,1,0
BRDA:89,12,0,0
BRDA:89,12,1,0
BRDA:92,13,0,0
BRDA:92,13,1,0
BRDA:96,14,0,0
BRDA:96,14,1,0
BRDA:97,15,0,0
BRDA:97,15,1,0
BRDA:101,16,0,0
BRDA:101,16,1,0
BRDA:106,17,0,0
BRDA:106,17,1,0
BRDA:113,18,0,0
BRDA:113,18,1,0
BRDA:115,19,0,0
BRDA:115,19,1,0
BRDA:116,20,0,0
BRDA:116,20,1,0
BRDA:116,21,0,0
BRDA:116,21,1,0
BRDA:116,22,0,0
BRDA:116,22,1,0
BRDA:119,23,0,0
BRDA:119,23,1,0
BRDA:123,24,0,0
BRDA:123,24,1,0
BRDA:124,25,0,0
BRDA:124,25,1,0
BRDA:128,26,0,0
BRDA:128,26,1,0
BRDA:133,27,0,0
BRDA:133,27,1,0
BRDA:156,28,0,0
BRDA:156,28,1,0
BRDA:157,29,0,0
BRDA:157,29,1,0
BRDA:166,30,0,0
BRDA:166,30,1,0
BRDA:167,31,0,0
BRDA:167,31,1,0
BRF:65
BRH:0
end_of_record
TN:
SF:src/components/map/NeighborhoodModal.tsx
FN:9,haversineKm
FN:31,NeighborhoodModal
FN:69,(anonymous_2)
FN:79,(anonymous_3)
FN:87,(anonymous_4)
FN:88,(anonymous_5)
FN:94,(anonymous_6)
FNF:7
FNH:0
FNDA:0,haversineKm
FNDA:0,NeighborhoodModal
FNDA:0,(anonymous_2)
FNDA:0,(anonymous_3)
FNDA:0,(anonymous_4)
FNDA:0,(anonymous_5)
FNDA:0,(anonymous_6)
DA:10,0
DA:11,0
DA:12,0
DA:13,0
DA:15,0
DA:43,0
DA:69,0
DA:80,0
DA:81,0
DA:82,0
DA:87,0
DA:89,0
DA:94,0
DA:116,0
LF:14
LH:0
BRDA:67,0,0,0
BRDA:67,0,1,0
BRDA:78,1,0,0
BRDA:78,1,1,0
BRDA:81,2,0,0
BRDA:81,2,1,0
BRDA:81,3,0,0
BRDA:81,3,1,0
BRDA:92,4,0,0
BRDA:92,4,1,0
BRDA:99,5,0,0
BRDA:99,5,1,0
BRDA:103,6,0,0
BRDA:103,6,1,0
BRDA:103,6,2,0
BRF:15
BRH:0
end_of_record
TN:
SF:src/components/map/PlaceRow.tsx
FN:18,PlaceRow
FN:24,(anonymous_1)
FN:40,(anonymous_2)
FN:58,(anonymous_3)
FNF:4
FNH:0
FNDA:0,PlaceRow
FNDA:0,(anonymous_1)
FNDA:0,(anonymous_2)
FNDA:0,(anonymous_3)
DA:20,0
DA:21,0
DA:24,0
DA:34,0
DA:35,0
DA:37,0
DA:40,0
DA:59,0
DA:72,0
LF:9
LH:0
BRDA:20,0,0,0
BRDA:20,0,1,0
BRDA:35,1,0,0
BRDA:35,1,1,0
BRDA:47,2,0,0
BRDA:47,2,1,0
BRF:6
BRH:0
end_of_record
TN:
SF:src/components/map/PostCard.tsx
FN:22,PostCard
FN:38,(anonymous_1)
FNF:2
FNH:0
FNDA:0,PostCard
FNDA:0,(anonymous_1)
DA:23,0
DA:24,0
DA:25,0
DA:26,0
DA:27,0
DA:28,0
DA:30,0
DA:31,0
DA:35,0
DA:38,0
DA:93,0
LF:11
LH:0
BRDA:25,0,0,0
BRDA:25,0,1,0
BRDA:26,1,0,0
BRDA:26,1,1,0
BRDA:28,2,0,0
BRDA:28,2,1,0
BRDA:31,3,0,0
BRDA:31,3,1,0
BRDA:32,4,0,0
BRDA:32,4,1,0
BRDA:32,5,0,0
BRDA:32,5,1,0
BRDA:40,6,0,0
BRDA:40,6,1,0
BRDA:40,7,0,0
BRDA:40,7,1,0
BRDA:43,8,0,0
BRDA:43,8,1,0
BRDA:57,9,0,0
BRDA:57,9,1,0
BRDA:65,10,0,0
BRDA:65,10,1,0
BRDA:67,11,0,0
BRDA:67,11,1,0
BRDA:74,12,0,0
BRDA:74,12,1,0
BRDA:82,13,0,0
BRDA:82,13,1,0
BRF:28
BRH:0
end_of_record
TN:
SF:src/components/ui/AnimatedEntrance.tsx
FN:25,AnimatedEntrance
FN:37,(anonymous_1)
FNF:2
FNH:0
FNDA:0,AnimatedEntrance
FNDA:0,(anonymous_1)
DA:33,0
DA:34,0
DA:35,0
DA:37,0
DA:38,0
DA:39,0
DA:40,0
DA:41,0
DA:44,0
DA:46,0
DA:62,0
LF:11
LH:0
BRDA:27,0,0,0
BRDA:28,1,0,0
BRDA:29,2,0,0
BRDA:30,3,0,0
BRDA:34,4,0,0
BRDA:34,4,1,0
BRDA:35,5,0,0
BRDA:35,5,1,0
BRDA:38,6,0,0
BRDA:38,6,1,0
BRF:10
BRH:0
end_of_record
TN:
SF:src/components/ui/BackButton.tsx
FN:18,BackButton
FN:25,(anonymous_1)
FN:29,(anonymous_2)
FNF:3
FNH:0
FNDA:0,BackButton
FNDA:0,(anonymous_1)
FNDA:0,(anonymous_2)
DA:19,0
DA:20,0
DA:21,0
DA:23,0
DA:25,0
DA:29,0
DA:43,0
LF:7
LH:0
BRDA:25,0,0,0
BRDA:25,0,1,0
BRDA:35,1,0,0
BRDA:35,1,1,0
BRDA:38,2,0,0
BRDA:38,2,1,0
BRF:6
BRH:0
end_of_record
TN:
SF:src/components/ui/KeyboardDoneAccessory.tsx
FN:22,KeyboardDoneAccessory
FN:38,(anonymous_1)
FNF:2
FNH:0
FNDA:0,KeyboardDoneAccessory
FNDA:0,(anonymous_1)
DA:20,0
DA:23,0
DA:24,0
DA:26,0
DA:28,0
DA:38,0
DA:53,0
LF:7
LH:0
BRDA:26,0,0,0
BRDA:26,0,1,0
BRDA:33,1,0,0
BRDA:33,1,1,0
BRDA:42,2,0,0
BRDA:42,2,1,0
BRDA:45,3,0,0
BRDA:45,3,1,0
BRF:8
BRH:0
end_of_record
TN:
SF:src/components/ui/MagneticPressable.tsx
FN:27,MagneticPressable
FN:41,(anonymous_1)
FN:63,(anonymous_2)
FN:87,(anonymous_3)
FNF:4
FNH:0
FNDA:0,MagneticPressable
FNDA:0,(anonymous_1)
FNDA:0,(anonymous_2)
FNDA:0,(anonymous_3)
DA:37,0
DA:38,0
DA:40,0
DA:42,0
DA:43,0
DA:46,0
DA:47,0
DA:49,0
DA:57,0
DA:62,0
DA:64,0
DA:65,0
DA:67,0
DA:75,0
DA:80,0
DA:88,0
DA:89,0
LF:17
LH:0
BRDA:29,0,0,0
BRDA:30,1,0,0
BRDA:31,2,0,0
BRDA:32,3,0,0
BRDA:42,4,0,0
BRDA:42,4,1,0
BRDA:46,5,0,0
BRDA:46,5,1,0
BRDA:64,6,0,0
BRDA:64,6,1,0
BRDA:88,7,0,0
BRDA:88,7,1,0
BRF:12
BRH:0
end_of_record
TN:
SF:src/components/ui/ModalCloseButton.tsx
FN:25,ModalCloseButton
FN:35,(anonymous_1)
FNF:2
FNH:0
FNDA:0,ModalCloseButton
FNDA:0,(anonymous_1)
DA:26,0
DA:27,0
DA:29,0
DA:35,0
LF:4
LH:0
BRDA:25,0,0,0
BRDA:42,1,0,0
BRDA:42,1,1,0
BRF:3
BRH:0
end_of_record
TN:
SF:src/components/ui/PressableOpacity.tsx
FN:22,PressableOpacity
FN:27,(anonymous_1)
FNF:2
FNH:0
FNDA:0,PressableOpacity
FNDA:0,(anonymous_1)
DA:23,0
DA:28,0
DA:29,0
LF:3
LH:0
BRDA:22,0,0,0
BRDA:25,1,0,0
BRDA:25,1,1,0
BRDA:28,2,0,0
BRDA:28,2,1,0
BRDA:29,3,0,0
BRDA:29,3,1,0
BRF:7
BRH:0
end_of_record
TN:
SF:src/hooks/useAppState.ts
FN:11,useAppStateManager
FN:17,(anonymous_1)
FN:18,(anonymous_2)
FN:33,(anonymous_3)
FNF:4
FNH:0
FNDA:0,useAppStateManager
FNDA:0,(anonymous_1)
FNDA:0,(anonymous_2)
FNDA:0,(anonymous_3)
DA:12,0
DA:13,0
DA:14,0
DA:15,0
DA:17,0
DA:18,0
DA:19,0
DA:21,0
DA:23,0
DA:24,0
DA:25,0
DA:27,0
DA:30,0
DA:33,0
DA:34,0
LF:15
LH:0
BRDA:21,0,0,0
BRDA:21,0,1,0
BRDA:21,1,0,0
BRDA:21,1,1,0
BRDA:25,2,0,0
BRDA:25,2,1,0
BRDA:25,3,0,0
BRDA:25,3,1,0
BRF:8
BRH:0
end_of_record
TN:
SF:src/hooks/useBoosts.ts
FN:22,useBoosts
FN:36,(anonymous_1)
FN:67,(anonymous_2)
FN:70,(anonymous_3)
FN:74,(anonymous_4)
FN:82,(anonymous_5)
FN:101,(anonymous_6)
FN:129,(anonymous_7)
FN:144,(anonymous_8)
FNF:9
FNH:0
FNDA:0,useBoosts
FNDA:0,(anonymous_1)
FNDA:0,(anonymous_2)
FNDA:0,(anonymous_3)
FNDA:0,(anonymous_4)
FNDA:0,(anonymous_5)
FNDA:0,(anonymous_6)
FNDA:0,(anonymous_7)
FNDA:0,(anonymous_8)
DA:10,0
DA:11,0
DA:23,0
DA:24,0
DA:26,0
DA:27,0
DA:28,0
DA:29,0
DA:30,0
DA:32,0
DA:33,0
DA:36,0
DA:37,0
DA:38,0
DA:39,0
DA:44,0
DA:45,0
DA:46,0
DA:47,0
DA:48,0
DA:52,0
DA:58,0
DA:59,0
DA:61,0
DA:63,0
DA:67,0
DA:68,0
DA:69,0
DA:70,0
DA:74,0
DA:75,0
DA:76,0
DA:77,0
DA:78,0
DA:79,0
DA:80,0
DA:82,0
DA:83,0
DA:85,0
DA:87,0
DA:100,0
DA:101,0
DA:102,0
DA:104,0
DA:105,0
DA:106,0
DA:109,0
DA:110,0
DA:111,0
DA:114,0
DA:115,0
DA:119,0
DA:121,0
DA:123,0
DA:124,0
DA:129,0
DA:130,0
DA:131,0
DA:132,0
DA:134,0
DA:143,0
DA:144,0
DA:145,0
DA:148,0
DA:149,0
DA:150,0
DA:152,0
DA:153,0
DA:157,0
LF:69
LH:0
BRDA:10,0,0,0
BRDA:10,0,1,0
BRDA:37,1,0,0
BRDA:37,1,1,0
BRDA:44,2,0,0
BRDA:44,2,1,0
BRDA:45,3,0,0
BRDA:45,3,1,0
BRDA:47,4,0,0
BRDA:47,4,1,0
BRDA:48,5,0,0
BRDA:48,5,1,0
BRDA:58,6,0,0
BRDA:58,6,1,0
BRDA:59,7,0,0
BRDA:59,7,1,0
BRDA:61,8,0,0
BRDA:61,8,1,0
BRDA:63,9,0,0
BRDA:63,9,1,0
BRDA:75,10,0,0
BRDA:75,10,1,0
BRDA:80,11,0,0
BRDA:80,11,1,0
BRDA:83,12,0,0
BRDA:83,12,1,0
BRDA:85,13,0,0
BRDA:85,13,1,0
BRDA:100,14,0,0
BRDA:100,14,1,0
BRDA:102,15,0,0
BRDA:102,15,1,0
BRDA:105,16,0,0
BRDA:105,16,1,0
BRDA:114,17,0,0
BRDA:114,17,1,0
BRDA:121,18,0,0
BRDA:121,18,1,0
BRDA:132,19,0,0
BRDA:132,19,1,0
BRDA:143,20,0,0
BRDA:143,20,1,0
BRDA:145,21,0,0
BRDA:145,21,1,0
BRDA:149,22,0,0
BRDA:149,22,1,0
BRDA:152,23,0,0
BRDA:152,23,1,0
BRF:48
BRH:0
end_of_record
TN:
SF:src/hooks/useDemandInsights.ts
FN:18,useDemandInsights
FN:23,(anonymous_1)
FN:25,fetchDemands
FN:34,(anonymous_3)
FN:55,(anonymous_4)
FN:57,(anonymous_5)
FN:67,(anonymous_6)
FNF:7
FNH:0
FNDA:0,useDemandInsights
FNDA:0,(anonymous_1)
FNDA:0,fetchDemands
FNDA:0,(anonymous_3)
FNDA:0,(anonymous_4)
FNDA:0,(anonymous_5)
FNDA:0,(anonymous_6)
DA:19,0
DA:20,0
DA:21,0
DA:23,0
DA:24,0
DA:26,0
DA:28,0
DA:33,0
DA:34,0
DA:35,0
DA:37,0
DA:38,0
DA:46,0
DA:47,0
DA:48,0
DA:49,0
DA:50,0
DA:51,0
DA:54,0
DA:55,0
DA:57,0
DA:58,0
DA:64,0
DA:66,0
DA:67,0
DA:70,0
LF:26
LH:0
BRDA:33,0,0,0
BRDA:33,0,1,0
BRDA:33,1,0,0
BRDA:33,1,1,0
BRDA:33,1,2,0
BRDA:35,2,0,0
BRDA:35,2,1,0
BRDA:46,3,0,0
BRDA:46,3,1,0
BRDA:46,4,0,0
BRDA:46,4,1,0
BRDA:49,5,0,0
BRDA:49,5,1,0
BRDA:51,6,0,0
BRDA:51,6,1,0
BRDA:64,7,0,0
BRDA:64,7,1,0
BRF:17
BRH:0
end_of_record
TN:
SF:src/hooks/useEventChat.ts
FN:23,useEventChat
FN:32,(anonymous_1)
FN:32,(anonymous_2)
FN:38,(anonymous_3)
FN:68,(anonymous_4)
FN:83,(anonymous_5)
FN:90,(anonymous_6)
FN:116,(anonymous_7)
FN:135,(anonymous_8)
FN:151,(anonymous_9)
FN:175,(anonymous_10)
FN:176,(anonymous_11)
FN:185,(anonymous_12)
FNF:13
FNH:0
FNDA:0,useEventChat
FNDA:0,(anonymous_1)
FNDA:0,(anonymous_2)
FNDA:0,(anonymous_3)
FNDA:0,(anonymous_4)
FNDA:0,(anonymous_5)
FNDA:0,(anonymous_6)
FNDA:0,(anonymous_7)
FNDA:0,(anonymous_8)
FNDA:0,(anonymous_9)
FNDA:0,(anonymous_10)
FNDA:0,(anonymous_11)
FNDA:0,(anonymous_12)
DA:24,0
DA:25,0
DA:26,0
DA:27,0
DA:28,0
DA:29,0
DA:30,0
DA:31,0
DA:32,0
DA:33,0
DA:35,0
DA:38,0
DA:39,0
DA:40,0
DA:41,0
DA:42,0
DA:49,0
DA:50,0
DA:52,0
DA:55,0
DA:56,0
DA:58,0
DA:59,0
DA:61,0
DA:63,0
DA:68,0
DA:69,0
DA:70,0
DA:71,0
DA:72,0
DA:80,0
DA:81,0
DA:82,0
DA:83,0
DA:85,0
DA:90,0
DA:91,0
DA:92,0
DA:93,0
DA:94,0
DA:102,0
DA:103,0
DA:104,0
DA:106,0
DA:108,0
DA:109,0
DA:111,0
DA:116,0
DA:117,0
DA:118,0
DA:119,0
DA:125,0
DA:131,0
DA:132,0
DA:135,0
DA:136,0
DA:137,0
DA:139,0
DA:141,0
DA:152,0
DA:155,0
DA:156,0
DA:157,0
DA:162,0
DA:163,0
DA:164,0
DA:168,0
DA:170,0
DA:175,0
DA:176,0
DA:177,0
DA:183,0
DA:185,0
DA:186,0
DA:187,0
DA:188,0
DA:192,0
LF:77
LH:0
BRDA:39,0,0,0
BRDA:39,0,1,0
BRDA:49,1,0,0
BRDA:49,1,1,0
BRDA:50,2,0,0
BRDA:50,2,1,0
BRDA:52,3,0,0
BRDA:52,3,1,0
BRDA:56,4,0,0
BRDA:56,4,1,0
BRDA:61,5,0,0
BRDA:61,5,1,0
BRDA:69,6,0,0
BRDA:69,6,1,0
BRDA:69,7,0,0
BRDA:69,7,1,0
BRDA:69,7,2,0
BRDA:80,8,0,0
BRDA:80,8,1,0
BRDA:81,9,0,0
BRDA:81,9,1,0
BRDA:82,10,0,0
BRDA:82,10,1,0
BRDA:85,11,0,0
BRDA:85,11,1,0
BRDA:91,12,0,0
BRDA:91,12,1,0
BRDA:91,13,0,0
BRDA:91,13,1,0
BRDA:91,13,2,0
BRDA:91,13,3,0
BRDA:98,14,0,0
BRDA:98,14,1,0
BRDA:99,15,0,0
BRDA:99,15,1,0
BRDA:102,16,0,0
BRDA:102,16,1,0
BRDA:103,17,0,0
BRDA:103,17,1,0
BRDA:108,18,0,0
BRDA:108,18,1,0
BRDA:111,19,0,0
BRDA:111,19,1,0
BRDA:117,20,0,0
BRDA:117,20,1,0
BRDA:117,21,0,0
BRDA:117,21,1,0
BRDA:125,22,0,0
BRDA:125,22,1,0
BRDA:136,23,0,0
BRDA:136,23,1,0
BRDA:156,24,0,0
BRDA:156,24,1,0
BRDA:162,25,0,0
BRDA:162,25,1,0
BRDA:168,26,0,0
BRDA:168,26,1,0
BRDA:172,27,0,0
BRDA:172,27,1,0
BRDA:176,28,0,0
BRDA:176,28,1,0
BRF:61
BRH:0
end_of_record
TN:
SF:src/hooks/useEventChatUnread.ts
FN:10,useEventChatUnread
FN:16,(anonymous_1)
FN:23,fetchUnread
FN:31,(anonymous_3)
FN:51,debouncedFetchUnread
FN:53,(anonymous_5)
FN:63,(anonymous_6)
FN:73,(anonymous_7)
FN:81,(anonymous_8)
FNF:9
FNH:0
FNDA:0,useEventChatUnread
FNDA:0,(anonymous_1)
FNDA:0,fetchUnread
FNDA:0,(anonymous_3)
FNDA:0,debouncedFetchUnread
FNDA:0,(anonymous_5)
FNDA:0,(anonymous_6)
FNDA:0,(anonymous_7)
FNDA:0,(anonymous_8)
DA:11,0
DA:12,0
DA:13,0
DA:14,0
DA:16,0
DA:17,0
DA:18,0
DA:19,0
DA:21,0
DA:24,0
DA:26,0
DA:30,0
DA:31,0
DA:32,0
DA:33,0
DA:36,0
DA:43,0
DA:45,0
DA:49,0
DA:52,0
DA:53,0
DA:54,0
DA:58,0
DA:64,0
DA:65,0
DA:66,0
DA:67,0
DA:74,0
DA:75,0
DA:76,0
DA:81,0
DA:82,0
DA:83,0
DA:84,0
DA:85,0
DA:87,0
DA:91,0
LF:37
LH:0
BRDA:17,0,0,0
BRDA:17,0,1,0
BRDA:30,1,0,0
BRDA:30,1,1,0
BRDA:30,2,0,0
BRDA:30,2,1,0
BRDA:33,3,0,0
BRDA:33,3,1,0
BRDA:43,4,0,0
BRDA:43,4,1,0
BRDA:43,5,0,0
BRDA:43,5,1,0
BRDA:45,6,0,0
BRDA:45,6,1,0
BRDA:52,7,0,0
BRDA:52,7,1,0
BRDA:54,8,0,0
BRDA:54,8,1,0
BRDA:65,9,0,0
BRDA:65,9,1,0
BRDA:66,10,0,0
BRDA:66,10,1,0
BRDA:75,11,0,0
BRDA:75,11,1,0
BRDA:83,12,0,0
BRDA:83,12,1,0
BRF:26
BRH:0
end_of_record
TN:
SF:src/hooks/useEventInterests.ts
FN:18,useEventInterests
FN:25,(anonymous_1)
FN:28,load
FN:34,(anonymous_3)
FN:44,(anonymous_4)
FN:47,(anonymous_5)
FN:53,(anonymous_6)
FN:56,(anonymous_7)
FN:60,(anonymous_8)
FNF:9
FNH:0
FNDA:0,useEventInterests
FNDA:0,(anonymous_1)
FNDA:0,load
FNDA:0,(anonymous_3)
FNDA:0,(anonymous_4)
FNDA:0,(anonymous_5)
FNDA:0,(anonymous_6)
FNDA:0,(anonymous_7)
FNDA:0,(anonymous_8)
[...]
TN:
SF:src/lib/mapClustering.ts
FN:21,clusterMarkers
FN:40,(anonymous_1)
FN:41,(anonymous_2)
FN:54,isCluster
FNF:4
FNH:0
FNDA:0,clusterMarkers
FNDA:0,(anonymous_1)
FNDA:0,(anonymous_2)
FNDA:0,isCluster
DA:22,0
DA:24,0
DA:25,0
DA:27,0
DA:28,0
DA:29,0
DA:30,0
DA:31,0
DA:32,0
DA:35,0
DA:36,0
DA:37,0
DA:38,0
DA:40,0
DA:41,0
DA:42,0
DA:51,0
DA:55,0
LF:18
LH:0
BRDA:22,0,0,0
BRDA:22,0,1,0
BRDA:28,1,0,0
BRDA:28,1,1,0
BRDA:28,2,0,0
BRDA:28,2,1,0
BRDA:31,3,0,0
BRDA:31,3,1,0
BRDA:37,4,0,0
BRDA:37,4,1,0
BRDA:55,5,0,0
BRDA:55,5,1,0
BRF:12
BRH:0
end_of_record
TN:
SF:src/lib/meteli.ts
FN:30,parseFinnishDate
FN:52,mapEvent
FN:100,invalidateMetelihCache
FN:104,fetchMetelihEvents
FN:123,(anonymous_4)
FNF:5
FNH:0
FNDA:0,parseFinnishDate
FNDA:0,mapEvent
FNDA:0,invalidateMetelihCache
FNDA:0,fetchMetelihEvents
FNDA:0,(anonymous_4)
DA:5,0
DA:6,0
DA:7,0
DA:31,0
DA:32,0
DA:33,0
DA:34,0
DA:35,0
DA:36,0
DA:38,0
DA:40,0
DA:41,0
DA:44,0
DA:45,0
DA:46,0
DA:49,0
DA:53,0
DA:54,0
DA:57,0
DA:58,0
DA:59,0
DA:60,0
DA:61,0
DA:62,0
DA:63,0
DA:64,0
DA:68,0
DA:97,0
DA:98,0
DA:101,0
DA:105,0
DA:106,0
DA:109,0
DA:110,0
DA:116,0
DA:117,0
DA:118,0
DA:120,0
DA:121,0
DA:123,0
DA:125,0
DA:126,0
DA:127,0
DA:129,0
DA:130,0
LF:45
LH:0
BRDA:5,0,0,0
BRDA:5,0,1,0
BRDA:6,1,0,0
BRDA:6,1,1,0
BRDA:32,2,0,0
BRDA:32,2,1,0
BRDA:35,3,0,0
BRDA:35,3,1,0
BRDA:36,4,0,0
BRDA:36,4,1,0
BRDA:36,5,0,0
BRDA:36,5,1,0
BRDA:40,6,0,0
BRDA:40,6,1,0
BRDA:40,7,0,0
BRDA:40,7,1,0
BRDA:44,8,0,0
BRDA:44,8,1,0
BRDA:46,9,0,0
BRDA:46,9,1,0
BRDA:46,10,0,0
BRDA:46,10,1,0
BRDA:53,11,0,0
BRDA:53,11,1,0
BRDA:54,12,0,0
BRDA:54,12,1,0
BRDA:59,13,0,0
BRDA:59,13,1,0
BRDA:61,14,0,0
BRDA:61,14,1,0
BRDA:85,15,0,0
BRDA:85,15,1,0
BRDA:105,16,0,0
BRDA:105,16,1,0
BRDA:105,17,0,0
BRDA:105,17,1,0
BRDA:116,18,0,0
BRDA:116,18,1,0
BRDA:117,19,0,0
BRDA:117,19,1,0
BRDA:118,20,0,0
BRDA:118,20,1,0
BRDA:126,21,0,0
BRDA:126,21,1,0
BRDA:129,22,0,0
BRDA:129,22,1,0
BRDA:130,23,0,0
BRDA:130,23,1,0
BRF:48
BRH:0
end_of_record
TN:
SF:src/lib/notificationPriority.ts
FN:48,scoreNotification
FN:60,prioritizeNotifications
FN:83,(anonymous_2)
FN:88,(anonymous_3)
FN:89,(anonymous_4)
FN:90,(anonymous_5)
FN:102,(anonymous_6)
FNF:7
FNH:0
FNDA:0,scoreNotification
FNDA:0,prioritizeNotifications
FNDA:0,(anonymous_2)
FNDA:0,(anonymous_3)
FNDA:0,(anonymous_4)
FNDA:0,(anonymous_5)
FNDA:0,(anonymous_6)
DA:4,0
DA:49,0
DA:50,0
DA:51,0
DA:52,0
DA:53,0
DA:62,0
DA:64,0
DA:66,0
DA:67,0
DA:68,0
DA:69,0
DA:71,0
DA:75,0
DA:77,0
DA:78,0
DA:79,0
DA:82,0
DA:83,0
DA:85,0
DA:87,0
DA:88,0
DA:89,0
DA:90,0
DA:91,0
DA:102,0
LF:26
LH:0
BRDA:49,0,0,0
BRDA:49,0,1,0
BRDA:50,1,0,0
BRDA:50,1,1,0
BRDA:52,2,0,0
BRDA:52,2,1,0
BRDA:52,3,0,0
BRDA:52,3,1,0
BRDA:66,4,0,0
BRDA:66,4,1,0
BRDA:68,5,0,0
BRDA:68,5,1,0
BRDA:78,6,0,0
BRDA:78,6,1,0
BRF:14
BRH:0
end_of_record
TN:
SF:src/lib/palvelukartta.ts
FN:51,mapCategory
FN:80,mapUnit
FN:126,invalidatePlacesCache
FN:141,fetchHelsinkiPlaces
FN:156,(anonymous_4)
FN:185,(anonymous_5)
FNF:6
FNH:0
FNDA:0,mapCategory
FNDA:0,mapUnit
FNDA:0,invalidatePlacesCache
FNDA:0,fetchHelsinkiPlaces
FNDA:0,(anonymous_4)
FNDA:0,(anonymous_5)
DA:5,0
DA:28,0
DA:52,0
DA:56,0
DA:57,0
DA:58,0
DA:59,0
DA:61,0
DA:63,0
DA:65,0
DA:67,0
DA:69,0
DA:72,0
DA:73,0
DA:74,0
DA:77,0
DA:81,0
DA:82,0
DA:83,0
DA:85,0
DA:88,0
DA:91,0
DA:93,0
DA:117,0
DA:118,0
DA:120,0
DA:127,0
DA:129,0
DA:130,0
DA:133,0
DA:134,0
DA:135,0
DA:136,0
DA:146,0
DA:147,0
DA:148,0
DA:149,0
DA:153,0
DA:154,0
DA:156,0
DA:157,0
DA:159,0
DA:161,0
DA:163,0
DA:164,0
DA:165,0
DA:166,0
DA:167,0
DA:169,0
DA:170,0
DA:171,0
DA:172,0
DA:174,0
DA:177,0
DA:180,0
DA:181,0
DA:184,0
DA:185,0
DA:187,0
LF:59
LH:0
BRDA:56,0,0,0
BRDA:56,0,1,0
BRDA:56,1,0,0
BRDA:56,1,1,0
BRDA:56,1,2,0
BRDA:57,2,0,0
BRDA:57,2,1,0
BRDA:57,3,0,0
BRDA:57,3,1,0
BRDA:58,4,0,0
BRDA:58,4,1,0
BRDA:59,5,0,0
BRDA:59,5,1,0
BRDA:59,6,0,0
BRDA:59,6,1,0
BRDA:61,7,0,0
BRDA:61,7,1,0
BRDA:61,8,0,0
BRDA:61,8,1,0
BRDA:61,8,2,0
BRDA:63,9,0,0
BRDA:63,9,1,0
BRDA:63,10,0,0
BRDA:63,10,1,0
BRDA:63,10,2,0
BRDA:65,11,0,0
BRDA:65,11,1,0
BRDA:65,12,0,0
BRDA:65,12,1,0
BRDA:65,12,2,0
BRDA:65,12,3,0
BRDA:67,13,0,0
BRDA:67,13,1,0
BRDA:67,14,0,0
BRDA:67,14,1,0
BRDA:67,14,2,0
BRDA:69,15,0,0
BRDA:69,15,1,0
BRDA:69,16,0,0
BRDA:69,16,1,0
BRDA:69,16,2,0
BRDA:74,17,0,0
BRDA:74,17,1,0
BRDA:81,18,0,0
BRDA:81,18,1,0
BRDA:83,19,0,0
BRDA:83,19,1,0
BRDA:83,20,0,0
BRDA:83,20,1,0
BRDA:85,21,0,0
BRDA:85,21,1,0
BRDA:85,21,2,0
BRDA:88,22,0,0
BRDA:88,22,1,0
BRDA:88,22,2,0
BRDA:91,23,0,0
BRDA:91,23,1,0
BRDA:91,23,2,0
BRDA:101,24,0,0
BRDA:101,24,1,0
BRDA:104,25,0,0
BRDA:104,25,1,0
BRDA:105,26,0,0
BRDA:105,26,1,0
BRDA:105,26,2,0
BRDA:107,27,0,0
BRDA:107,27,1,0
BRDA:127,28,0,0
BRDA:127,28,1,0
BRDA:127,29,0,0
BRDA:127,29,1,0
BRDA:135,30,0,0
BRDA:135,30,1,0
BRDA:144,31,0,0
BRDA:148,32,0,0
BRDA:148,32,1,0
BRDA:148,33,0,0
BRDA:148,33,1,0
BRDA:154,34,0,0
BRDA:154,34,1,0
BRDA:163,35,0,0
BRDA:163,35,1,0
BRDA:165,36,0,0
BRDA:165,36,1,0
BRDA:166,37,0,0
BRDA:166,37,1,0
BRDA:172,38,0,0
BRDA:172,38,1,0
BRDA:172,39,0,0
BRDA:172,39,1,0
BRDA:177,40,0,0
BRDA:177,40,1,0
BRF:92
BRH:0
end_of_record
TN:
SF:src/lib/privacyUtils.ts
FN:13,applyLocationAccuracy
FN:44,isProfileVisible
FNF:2
FNH:0
FNDA:0,applyLocationAccuracy
FNDA:0,isProfileVisible
DA:19,0
DA:21,0
DA:27,0
DA:34,0
DA:50,0
DA:51,0
DA:52,0
DA:53,0
DA:55,0
LF:9
LH:0
BRDA:19,0,0,0
BRDA:19,0,1,0
BRDA:19,0,2,0
BRDA:19,0,3,0
BRDA:22,1,0,0
BRDA:22,1,1,0
BRDA:23,2,0,0
BRDA:23,2,1,0
BRDA:30,3,0,0
BRDA:30,3,1,0
BRDA:30,4,0,0
BRDA:30,4,1,0
BRDA:50,5,0,0
BRDA:50,5,1,0
BRDA:51,6,0,0
BRDA:51,6,1,0
BRDA:51,6,2,0
BRDA:51,6,3,0
BRDA:53,7,0,0
BRDA:53,7,1,0
BRF:20
BRH:0
end_of_record
TN:
SF:src/lib/proExpiry.ts
FN:12,clearExpiredPro
FNF:1
FNH:1
FNDA:19,clearExpiredPro
DA:3,1
DA:17,19
DA:23,9
DA:26,9
DA:27,9
LF:5
LH:5
BRDA:17,0,0,9
BRDA:17,0,1,10
BRDA:18,1,0,19
BRDA:18,1,1,15
BRDA:18,1,2,14
BRDA:18,1,3,10
BRF:6
BRH:6
end_of_record
TN:
SF:src/lib/pushTrigger.ts
FN:18,triggerPush
FNF:1
FNH:0
FNDA:0,triggerPush
DA:3,0
DA:19,0
DA:20,0
DA:21,0
DA:22,0
DA:23,0
DA:24,0
DA:26,0
LF:8
LH:0
BRDA:23,0,0,0
BRDA:23,0,1,0
BRF:2
BRH:0
end_of_record
TN:
SF:src/lib/rateLimiter.ts
FN:22,checkRateLimit
FN:34,(anonymous_1)
FN:54,getRateLimitMessage
FNF:3
FNH:3
FNDA:12,checkRateLimit
FNDA:199,(anonymous_1)
FNDA:14,getRateLimitMessage
DA:10,1
DA:23,12
DA:24,12
DA:26,11
DA:27,11
DA:29,11
DA:30,11
DA:31,10
DA:34,199
DA:36,9
DA:37,4
DA:40,5
DA:41,5
DA:42,5
DA:44,2
DA:45,2
DA:55,14
DA:56,14
DA:57,13
DA:58,13
DA:59,1
DA:61,12
LF:22
LH:22
BRDA:24,0,0,1
BRDA:24,0,1,11
BRDA:31,1,0,8
BRDA:31,1,1,2
BRDA:36,2,0,4
BRDA:36,2,1,5
BRDA:44,3,0,2
BRDA:44,3,1,0
BRDA:56,4,0,1
BRDA:56,4,1,13
BRDA:58,5,0,1
BRDA:58,5,1,12
BRF:12
BRH:11
end_of_record
TN:
SF:src/lib/reviewPrompt.ts
FN:31,maybeRequestReview
FNF:1
FNH:0
FNDA:0,maybeRequestReview
DA:20,0
DA:21,0
DA:24,0
DA:32,0
DA:33,0
DA:35,0
DA:36,0
DA:37,0
DA:39,0
DA:40,0
DA:41,0
DA:43,0
DA:44,0
DA:45,0
DA:46,0
DA:49,0
DA:50,0
DA:51,0
DA:52,0
DA:56,0
DA:57,0
DA:60,0
DA:63,0
DA:64,0
DA:65,0
DA:66,0
LF:26
LH:0
BRDA:32,0,0,0
BRDA:32,0,1,0
BRDA:33,1,0,0
BRDA:33,1,1,0
BRDA:37,2,0,0
BRDA:37,2,1,0
BRDA:44,3,0,0
BRDA:44,3,1,0
BRDA:45,4,0,0
BRDA:45,4,1,0
BRDA:46,5,0,0
BRDA:46,5,1,0
BRDA:50,6,0,0
BRDA:50,6,1,0
BRDA:56,7,0,0
BRDA:56,7,1,0
BRDA:57,8,0,0
BRDA:57,8,1,0
BRDA:57,9,0,0
BRDA:57,9,1,0
BRDA:65,10,0,0
BRDA:65,10,1,0
BRF:22
BRH:0
end_of_record
TN:
SF:src/lib/searchAlgorithm.ts
FN:19,scoreSearchResult
FN:37,(anonymous_1)
FN:39,(anonymous_2)
FN:40,(anonymous_3)
FN:64,rankSearchResults
FN:65,(anonymous_5)
FNF:6
FNH:6
FNDA:38,scoreSearchResult
FNDA:44,(anonymous_1)
FNDA:4,(anonymous_2)
FNDA:4,(anonymous_3)
FNDA:18,rankSearchResults
FNDA:19,(anonymous_5)
DA:20,38
DA:21,38
DA:22,38
DA:24,38
DA:27,38
DA:29,19
DA:31,11
DA:34,38
DA:37,44
DA:38,38
DA:39,4
DA:40,4
DA:41,2
DA:42,2
DA:46,38
DA:47,38
DA:50,38
DA:51,38
DA:54,38
DA:55,1
DA:59,38
DA:61,38
DA:65,19
LF:23
LH:23
BRDA:21,0,0,38
BRDA:21,0,1,0
BRDA:22,1,0,38
BRDA:22,1,1,0
BRDA:27,2,0,19
BRDA:27,2,1,19
BRDA:29,3,0,8
BRDA:29,3,1,11
BRDA:31,4,0,4
BRDA:31,4,1,7
BRDA:34,5,0,13
BRDA:34,5,1,25
BRDA:38,6,0,2
BRDA:38,6,1,36
BRDA:46,7,0,38
BRDA:46,7,1,0
BRDA:46,8,0,38
BRDA:46,8,1,0
BRDA:54,9,0,1
BRDA:54,9,1,37
BRDA:54,10,0,38
BRDA:54,10,1,2
BRDA:59,11,0,37
BRDA:59,11,1,1
BRF:24
BRH:20
end_of_record
TN:
SF:src/lib/seedContent.ts
FN:7,seedTs
FN:11,getSeedPosts
FNF:2
FNH:0
FNDA:0,seedTs
FNDA:0,getSeedPosts
DA:5,0
DA:8,0
DA:12,0
LF:3
LH:0
BRF:0
BRH:0
end_of_record
TN:
SF:src/lib/sentry.ts
FN:3,initSentry
FN:10,(anonymous_1)
FN:13,(anonymous_2)
FN:31,setSentryUser
FN:41,addSentryBreadcrumb
FN:51,captureError
FNF:6
FNH:0
FNDA:0,initSentry
FNDA:0,(anonymous_1)
FNDA:0,(anonymous_2)
FNDA:0,setSentryUser
FNDA:0,addSentryBreadcrumb
FNDA:0,captureError
DA:4,0
DA:5,0
DA:12,0
DA:13,0
DA:14,0
DA:16,0
DA:17,0
DA:18,0
DA:19,0
DA:22,0
DA:25,0
DA:32,0
DA:33,0
DA:34,0
DA:36,0
DA:42,0
DA:43,0
DA:52,0
DA:53,0
DA:54,0
DA:56,0
DA:57,0
DA:59,0
LF:23
LH:0
BRDA:4,0,0,0
BRDA:4,0,1,0
BRDA:6,1,0,0
BRDA:6,1,1,0
BRDA:8,2,0,0
BRDA:8,2,1,0
BRDA:12,3,0,0
BRDA:12,3,1,0
BRDA:14,4,0,0
BRDA:14,4,1,0
BRDA:32,5,0,0
BRDA:32,5,1,0
BRDA:33,6,0,0
BRDA:33,6,1,0
BRDA:42,7,0,0
BRDA:42,7,1,0
BRDA:52,8,0,0
BRDA:52,8,1,0
BRDA:56,9,0,0
BRDA:56,9,1,0
BRF:20
BRH:0
end_of_record
TN:
SF:src/lib/shadows.ts
FN:80,getShadow
FN:91,overlay
FN:101,imageOverlay
FNF:3
FNH:0
FNDA:0,getShadow
FNDA:0,overlay
FNDA:0,imageOverlay
DA:12,0
DA:23,0
DA:34,0
DA:46,0
DA:57,0
DA:68,0
DA:81,0
DA:82,0
DA:84,0
DA:92,0
DA:102,0
LF:11
LH:0
BRDA:81,0,0,0
BRDA:81,0,1,0
BRDA:82,1,0,0
BRDA:82,1,1,0
BRDA:82,2,0,0
BRDA:82,2,1,0
BRDA:84,3,0,0
BRDA:84,3,1,0
BRDA:84,4,0,0
BRDA:84,4,1,0
BRDA:91,5,0,0
BRDA:92,6,0,0
BRDA:92,6,1,0
BRDA:101,7,0,0
BRDA:102,8,0,0
BRDA:102,8,1,0
BRF:16
BRH:0
end_of_record
TN:
SF:src/lib/share.ts
FN:4,shareContent
FN:32,downloadAsFile
FNF:2
FNH:0
FNDA:0,shareContent
FNDA:0,downloadAsFile
DA:5,0
DA:6,0
DA:7,0
DA:8,0
DA:9,0
DA:13,0
DA:14,0
DA:15,0
DA:16,0
DA:17,0
DA:20,0
DA:23,0
DA:24,0
DA:25,0
DA:26,0
DA:28,0
DA:33,0
DA:34,0
DA:35,0
DA:36,0
DA:37,0
DA:38,0
DA:39,0
DA:40,0
DA:41,0
DA:42,0
DA:43,0
DA:45,0
DA:46,0
DA:47,0
DA:49,0
LF:31
LH:0
BRDA:5,0,0,0
BRDA:5,0,1,0
BRDA:6,1,0,0
BRDA:6,1,1,0
BRDA:6,2,0,0
BRDA:6,2,1,0
BRDA:13,3,0,0
BRDA:13,3,1,0
BRDA:13,3,2,0
BRDA:14,4,0,0
BRDA:14,4,1,0
BRDA:14,5,0,0
BRDA:14,5,1,0
BRDA:24,6,0,0
BRDA:24,6,1,0
BRDA:24,7,0,0
BRDA:24,7,1,0
BRDA:24,8,0,0
BRDA:24,8,1,0
BRDA:32,9,0,0
BRDA:33,10,0,0
BRDA:33,10,1,0
BRDA:33,11,0,0
BRDA:33,11,1,0
BRF:24
BRH:0
end_of_record
TN:
SF:src/lib/speedBadges.ts
FN:12,checkAndAwardSpeedBadge
FN:45,(anonymous_1)
FN:57,(anonymous_2)
FNF:3
FNH:0
FNDA:0,checkAndAwardSpeedBadge
FNDA:0,(anonymous_1)
FNDA:0,(anonymous_2)
DA:17,0
DA:19,0
DA:21,0
DA:22,0
DA:23,0
DA:24,0
DA:25,0
DA:28,0
DA:30,0
DA:33,0
DA:40,0
DA:43,0
DA:48,0
DA:59,0
LF:14
LH:0
BRDA:17,0,0,0
BRDA:17,0,1,0
BRDA:22,1,0,0
BRDA:22,1,1,0
BRDA:24,2,0,0
BRDA:24,2,1,0
BRDA:28,3,0,0
BRDA:28,3,1,0
BRDA:40,4,0,0
BRDA:40,4,1,0
BRDA:52,5,0,0
BRDA:52,5,1,0
BRDA:53,6,0,0
BRDA:53,6,1,0
BRF:14
BRH:0
end_of_record
TN:
SF:src/lib/storageKeys.ts
FNF:0
FNH:0
DA:11,0
LF:1
LH:0
BRF:0
BRH:0
end_of_record
TN:
SF:src/lib/supabaseMutation.ts
FN:44,mutateWithErrorAlert
FN:75,mutateOk
FNF:2
FNH:0
FNDA:0,mutateWithErrorAlert
FNDA:0,mutateOk
DA:50,0
DA:51,0
DA:52,0
DA:53,0
DA:55,0
DA:56,0
DA:58,0
DA:81,0
DA:82,0
DA:83,0
DA:84,0
DA:86,0
DA:87,0
DA:89,0
LF:14
LH:0
BRDA:51,0,0,0
BRDA:51,0,1,0
BRDA:52,1,0,0
BRDA:52,1,1,0
BRDA:52,2,0,0
BRDA:52,2,1,0
BRDA:55,3,0,0
BRDA:55,3,1,0
BRDA:82,4,0,0
BRDA:82,4,1,0
BRDA:83,5,0,0
BRDA:83,5,1,0
BRDA:83,6,0,0
BRDA:83,6,1,0
BRDA:86,7,0,0
BRDA:86,7,1,0
BRF:16
BRH:0
end_of_record
TN:
SF:src/lib/syncCounter.ts
FN:39,syncCounter
FNF:1
FNH:0
FNDA:0,syncCounter
DA:56,0
DA:59,0
DA:64,0
DA:65,0
DA:66,0
DA:69,0
DA:72,0
DA:77,0
DA:78,0
DA:83,0
LF:10
LH:0
BRDA:64,0,0,0
BRDA:64,0,1,0
BRDA:65,1,0,0
BRDA:65,1,1,0
BRDA:65,2,0,0
BRDA:65,2,1,0
BRDA:69,3,0,0
BRDA:69,3,1,0
BRDA:77,4,0,0
BRDA:77,4,1,0
BRDA:78,5,0,0
BRDA:78,5,1,0
BRDA:78,6,0,0
BRDA:78,6,1,0
BRF:14
BRH:0
end_of_record
TN:
SF:src/lib/theme.ts
FNF:0
FNH:0
DA:4,0
DA:64,0
LF:2
LH:0
BRF:0
BRH:0
end_of_record
TN:
SF:src/lib/ticketmaster.ts
FN:32,mapCategory
FN:41,mapEvent
FN:54,(anonymous_2)
FN:85,(anonymous_3)
FN:94,fetchTicketmasterEvents
FN:127,(anonymous_5)
FNF:6
FNH:0
FNDA:0,mapCategory
FNDA:0,mapEvent
FNDA:0,(anonymous_2)
FNDA:0,(anonymous_3)
FNDA:0,fetchTicketmasterEvents
FNDA:0,(anonymous_5)
DA:5,0
DA:6,0
DA:7,0
DA:33,0
DA:34,0
DA:35,0
DA:36,0
DA:37,0
DA:38,0
DA:42,0
DA:43,0
DA:44,0
DA:46,0
DA:47,0
DA:49,0
DA:50,0
DA:54,0
DA:56,0
DA:57,0
DA:58,0
DA:62,0
DA:85,0
DA:91,0
DA:92,0
DA:95,0
DA:96,0
DA:99,0
DA:100,0
DA:101,0
DA:104,0
DA:105,0
DA:114,0
DA:120,0
DA:121,0
DA:122,0
DA:124,0
DA:125,0
DA:127,0
DA:128,0
DA:131,0
DA:132,0
DA:135,0
DA:136,0
DA:138,0
DA:139,0
LF:45
LH:0
BRDA:5,0,0,0
BRDA:5,0,1,0
BRDA:6,1,0,0
BRDA:6,1,1,0
BRDA:33,2,0,0
BRDA:33,2,1,0
BRDA:34,3,0,0
BRDA:34,3,1,0
BRDA:35,4,0,0
BRDA:35,4,1,0
BRDA:36,5,0,0
BRDA:36,5,1,0
BRDA:36,6,0,0
BRDA:36,6,1,0
BRDA:37,7,0,0
BRDA:37,7,1,0
BRDA:43,8,0,0
BRDA:43,8,1,0
BRDA:44,9,0,0
BRDA:44,9,1,0
BRDA:47,10,0,0
BRDA:47,10,1,0
BRDA:50,11,0,0
BRDA:50,11,1,0
BRDA:54,12,0,0
BRDA:54,12,1,0
BRDA:54,13,0,0
BRDA:54,13,1,0
BRDA:54,14,0,0
BRDA:54,14,1,0
BRDA:58,15,0,0
BRDA:58,15,1,0
BRDA:59,16,0,0
BRDA:59,16,1,0
BRDA:59,17,0,0
BRDA:59,17,1,0
BRDA:59,18,0,0
BRDA:59,18,1,0
BRDA:69,19,0,0
BRDA:69,19,1,0
BRDA:70,20,0,0
BRDA:70,20,1,0
BRDA:74,21,0,0
BRDA:74,21,1,0
BRDA:75,22,0,0
BRDA:75,22,1,0
BRDA:79,23,0,0
BRDA:79,23,1,0
BRDA:85,24,0,0
BRDA:85,24,1,0
BRDA:85,25,0,0
BRDA:85,25,1,0
BRDA:95,26,0,0
BRDA:95,26,1,0
BRDA:95,27,0,0
BRDA:95,27,1,0
BRDA:120,28,0,0
BRDA:120,28,1,0
BRDA:121,29,0,0
BRDA:121,29,1,0
BRDA:125,30,0,0
BRDA:125,30,1,0
BRDA:131,31,0,0
BRDA:131,31,1,0
BRDA:132,32,0,0
BRDA:132,32,1,0
BRDA:138,33,0,0
BRDA:138,33,1,0
BRDA:139,34,0,0
BRDA:139,34,1,0
BRF:70
BRH:0
end_of_record
TN:
SF:src/lib/trustUtils.ts
FN:13,computeTrustLevelFromBadges
FN:15,(anonymous_1)
FN:16,(anonymous_2)
FNF:3
FNH:1
FNDA:300,computeTrustLevelFromBadges
FNDA:0,(anonymous_1)
FNDA:0,(anonymous_2)
DA:14,300
DA:15,0
DA:16,0
DA:17,0
LF:4
LH:1
BRDA:14,0,0,300
BRDA:14,0,1,0
BRDA:14,1,0,300
BRDA:14,1,1,0
BRDA:15,2,0,0
BRDA:15,2,1,0
BRDA:16,3,0,0
BRDA:16,3,1,0
BRF:8
BRH:2
end_of_record
TN:
SF:src/lib/validation.ts
FN:3,isValidUUID
FNF:1
FNH:1
FNDA:1066,isValidUUID
DA:1,2
DA:4,1066
DA:5,1060
LF:3
LH:3
BRDA:4,0,0,6
BRDA:4,0,1,1060
BRF:2
BRH:2
end_of_record
TN:
SF:src/lib/adapters/index.ts
FN:15,(anonymous_0)
FN:16,(anonymous_1)
FN:17,(anonymous_2)
FN:18,(anonymous_3)
FN:19,(anonymous_4)
FN:20,(anonymous_5)
FN:23,getBusinessAdapter
FNF:7
FNH:0
FNDA:0,(anonymous_0)
FNDA:0,(anonymous_1)
FNDA:0,(anonymous_2)
FNDA:0,(anonymous_3)
FNDA:0,(anonymous_4)
FNDA:0,(anonymous_5)
FNDA:0,getBusinessAdapter
DA:14,0
DA:15,0
DA:16,0
DA:17,0
DA:18,0
DA:19,0
DA:20,0
DA:24,0
DA:25,0
LF:9
LH:0
BRDA:24,0,0,0
BRDA:24,0,1,0
BRF:2
BRH:0
end_of_record
TN:
SF:src/lib/adapters/business/bolagsverket.ts
FN:18,(anonymous_0)
FN:61,(anonymous_1)
FNF:2
FNH:0
FNDA:0,(anonymous_0)
FNDA:0,(anonymous_1)
DA:14,0
DA:20,0
DA:23,0
DA:24,0
DA:28,0
DA:29,0
DA:33,0
DA:34,0
DA:35,0
DA:36,0
DA:38,0
DA:39,0
DA:40,0
DA:42,0
DA:45,0
DA:46,0
DA:47,0
DA:51,0
DA:62,0
LF:19
LH:0
BRDA:23,0,0,0
BRDA:23,0,1,0
BRDA:28,1,0,0
BRDA:28,1,1,0
BRDA:38,2,0,0
BRDA:38,2,1,0
BRDA:40,3,0,0
BRDA:40,3,1,0
BRDA:45,4,0,0
BRDA:45,4,1,0
BRDA:46,5,0,0
BRDA:46,5,1,0
BRDA:54,6,0,0
BRDA:54,6,1,0
BRF:14
BRH:0
end_of_record
TN:
SF:src/lib/adapters/business/brreg.ts
FN:17,(anonymous_0)
FN:96,(anonymous_1)
FNF:2
FNH:0
FNDA:0,(anonymous_0)
FNDA:0,(anonymous_1)
DA:13,0
DA:18,0
DA:21,0
DA:22,0
DA:28,0
DA:29,0
DA:36,0
DA:38,0
DA:47,0
DA:48,0
DA:49,0
DA:52,0
DA:55,0
DA:56,0
DA:61,0
DA:64,0
DA:65,0
DA:68,0
DA:69,0
DA:73,0
DA:83,0
DA:86,0
DA:97,0
LF:23
LH:0
BRDA:21,0,0,0
BRDA:21,0,1,0
BRDA:36,1,0,0
BRDA:36,1,1,0
BRDA:47,2,0,0
BRDA:47,2,1,0
BRDA:48,3,0,0
BRDA:48,3,1,0
BRDA:61,4,0,0
BRDA:61,4,1,0
BRDA:64,5,0,0
BRDA:64,5,1,0
BRDA:65,6,0,0
BRDA:65,6,1,0
BRDA:65,7,0,0
BRDA:65,7,1,0
BRDA:68,8,0,0
BRDA:68,8,1,0
BRDA:69,9,0,0
BRDA:69,9,1,0
BRDA:69,9,2,0
BRDA:75,10,0,0
BRDA:75,10,1,0
BRDA:77,11,0,0
BRDA:77,11,1,0
BRDA:80,12,0,0
BRDA:80,12,1,0
BRDA:83,13,0,0
BRDA:83,13,1,0
BRDA:89,14,0,0
BRDA:89,14,1,0
BRF:31
BRH:0
end_of_record
TN:
SF:src/lib/adapters/business/ebr.ts
FN:20,(anonymous_0)
FN:37,(anonymous_1)
FN:66,(anonymous_2)
FNF:3
FNH:0
FNDA:0,(anonymous_0)
FNDA:0,(anonymous_1)
FNDA:0,(anonymous_2)
DA:16,0
DA:21,0
DA:24,0
DA:25,0
DA:29,0
DA:30,0
DA:35,0
DA:36,0
DA:37,0
DA:38,0
DA:41,0
DA:42,0
DA:53,0
DA:57,0
DA:67,0
LF:15
LH:0
BRDA:24,0,0,0
BRDA:24,0,1,0
BRDA:35,1,0,0
BRDA:35,1,1,0
BRDA:38,2,0,0
BRDA:38,2,1,0
BRDA:41,3,0,0
BRDA:41,3,1,0
BRDA:45,4,0,0
BRDA:45,4,1,0
BRDA:45,4,2,0
BRDA:45,4,3,0
BRDA:47,5,0,0
BRDA:47,5,1,0
BRDA:48,6,0,0
BRDA:48,6,1,0
BRDA:53,7,0,0
BRDA:53,7,1,0
BRDA:60,8,0,0
BRDA:60,8,1,0
BRF:20
BRH:0
end_of_record
TN:
SF:src/lib/adapters/business/handelsregister.ts
FN:19,(anonymous_0)
FN:44,(anonymous_1)
FNF:2
FNH:0
FNDA:0,(anonymous_0)
FNDA:0,(anonymous_1)
DA:15,0
DA:20,0
DA:24,0
DA:25,0
DA:26,0
DA:29,0
DA:30,0
DA:31,0
DA:34,0
DA:45,0
LF:10
LH:0
BRDA:25,0,0,0
BRDA:25,0,1,0
BRDA:37,1,0,0
BRDA:37,1,1,0
BRDA:40,2,0,0
BRDA:40,2,1,0
BRF:6
BRH:0
end_of_record
TN:
SF:src/lib/adapters/business/manual.ts
FN:13,(anonymous_0)
FN:26,(anonymous_1)
FNF:2
FNH:0
FNDA:0,(anonymous_0)
FNDA:0,(anonymous_1)
DA:9,0
DA:14,0
DA:15,0
DA:17,0
DA:27,0
LF:5
LH:0
BRDA:15,0,0,0
BRDA:15,0,1,0
BRDA:20,1,0,0
BRDA:20,1,1,0
BRF:4
BRH:0
end_of_record
TN:
SF:src/lib/adapters/business/prh.ts
FN:20,(anonymous_0)
FN:96,(anonymous_1)
FNF:2
FNH:0
FNDA:0,(anonymous_0)
FNDA:0,(anonymous_1)
DA:5,0
DA:6,0
DA:16,0
DA:22,0
DA:25,0
DA:26,0
DA:29,0
DA:31,0
DA:40,0
DA:41,0
DA:42,0
DA:45,0
DA:47,0
DA:48,0
DA:57,0
DA:67,0
DA:70,0
DA:71,0
DA:74,0
DA:76,0
DA:77,0
DA:78,0
DA:80,0
DA:90,0
DA:91,0
DA:97,0
LF:26
LH:0
BRDA:5,0,0,0
BRDA:5,0,1,0
BRDA:25,1,0,0
BRDA:25,1,1,0
BRDA:36,2,0,0
BRDA:36,2,1,0
BRDA:40,3,0,0
BRDA:40,3,1,0
BRDA:41,4,0,0
BRDA:41,4,1,0
BRDA:47,5,0,0
BRDA:47,5,1,0
BRDA:59,6,0,0
BRDA:59,6,1,0
BRDA:60,7,0,0
BRDA:60,7,1,0
BRDA:60,7,2,0
BRDA:62,8,0,0
BRDA:62,8,1,0
BRDA:63,9,0,0
BRDA:63,9,1,0
BRDA:64,10,0,0
BRDA:64,10,1,0
BRDA:67,11,0,0
BRDA:67,11,1,0
BRDA:74,12,0,0
BRDA:74,12,1,0
BRDA:78,13,0,0
BRDA:78,13,1,0
BRDA:83,14,0,0
BRDA:83,14,1,0
BRDA:84,15,0,0
BRDA:84,15,1,0
BRDA:85,16,0,0
BRDA:85,16,1,0
BRDA:86,17,0,0
BRDA:86,17,1,0
BRDA:87,18,0,0
BRDA:87,18,1,0
BRDA:90,19,0,0
BRDA:90,19,1,0
BRF:41
BRH:0
end_of_record
TN:
SF:src/lib/auth/bannedCheck.ts
FN:13,isBannedAndSignedOut
FNF:1
FNH:0
FNDA:0,isBannedAndSignedOut
DA:14,0
DA:15,0
DA:20,0
DA:21,0
DA:22,0
DA:28,0
LF:6
LH:0
BRDA:20,0,0,0
BRDA:20,0,1,0
BRF:2
BRH:0
end_of_record
TN:
SF:src/lib/supabase/client.ts
FN:16,createClient
FN:31,(anonymous_1)
FN:33,(anonymous_2)
FN:49,(anonymous_3)
FNF:4
FNH:0
FNDA:0,createClient
FNDA:0,(anonymous_1)
FNDA:0,(anonymous_2)
FNDA:0,(anonymous_3)
DA:7,4
DA:8,4
DA:10,4
DA:11,4
DA:14,4
DA:17,0
DA:19,0
DA:32,0
DA:33,0
DA:34,0
DA:35,0
DA:36,0
DA:38,0
DA:39,0
DA:41,0
DA:49,0
DA:50,0
DA:51,0
DA:55,0
LF:19
LH:5
BRDA:7,0,0,4
BRDA:7,0,1,4
BRDA:8,1,0,4
BRDA:8,1,1,4
BRDA:10,2,0,4
BRDA:10,2,1,0
BRDA:10,3,0,4
BRDA:10,3,1,4
BRDA:10,3,2,0
BRDA:17,4,0,0
BRDA:17,4,1,0
BRDA:35,5,0,0
BRDA:35,5,1,0
BRDA:38,6,0,0
BRDA:38,6,1,0
BRDA:50,7,0,0
BRDA:50,7,1,0
BRDA:50,8,0,0
BRDA:50,8,1,0
BRDA:51,9,0,0
BRDA:51,9,1,0
BRF:21
BRH:7
end_of_record
TN:
SF:src/lib/supabase/secureStorage.ts
FN:14,isSecureKey
FN:15,(anonymous_1)
FN:19,(anonymous_2)
FN:29,(anonymous_3)
FN:49,(anonymous_4)
FNF:5
FNH:0
FNDA:0,isSecureKey
FNDA:0,(anonymous_1)
FNDA:0,(anonymous_2)
FNDA:0,(anonymous_3)
FNDA:0,(anonymous_4)
DA:6,4
DA:7,4
DA:8,4
DA:11,4
DA:12,4
DA:15,0
DA:18,4
DA:20,0
DA:21,0
DA:22,0
DA:23,0
DA:27,0
DA:30,0
DA:32,0
DA:33,0
DA:34,0
DA:37,0
DA:38,0
DA:39,0
DA:41,0
DA:42,0
DA:43,0
DA:47,0
DA:50,0
DA:51,0
DA:52,0
DA:55,0
LF:27
LH:6
BRDA:7,0,0,4
BRDA:7,0,1,0
BRDA:11,1,0,4
BRDA:11,1,1,4
BRDA:11,2,0,4
BRDA:11,2,1,4
BRDA:15,3,0,0
BRDA:15,3,1,0
BRDA:20,4,0,0
BRDA:20,4,1,0
BRDA:20,5,0,0
BRDA:20,5,1,0
BRDA:23,6,0,0
BRDA:23,6,1,0
BRDA:30,7,0,0
BRDA:30,7,1,0
BRDA:30,8,0,0
BRDA:30,8,1,0
BRDA:32,9,0,0
BRDA:32,9,1,0
BRDA:33,10,0,0
BRDA:33,10,1,0
BRDA:50,11,0,0
BRDA:50,11,1,0
BRDA:50,12,0,0
BRDA:50,12,1,0
BRF:26
BRH:5
end_of_record
